11:16:41.312 INFO  [main] o.s.c.a.AnnotationConfigApplicationContext - Refreshing org.springframework.context.annotation.AnnotationConfigApplicationContext@2892dae4: startup date [Fri Nov 12 11:16:41 CST 2021]; root of context hierarchy
11:16:41.432 INFO  [main] o.s.b.f.a.AutowiredAnnotationBeanPostProcessor - JSR-330 'javax.inject.Inject' annotation found and supported for autowiring
11:16:41.450 INFO  [main] o.s.c.s.PostProcessorRegistrationDelegate$BeanPostProcessorChecker - Bean 'configurationPropertiesRebinderAutoConfiguration' of type [org.springframework.cloud.autoconfigure.ConfigurationPropertiesRebinderAutoConfiguration$$EnhancerBySpringCGLIB$$fc4b31a3] is not eligible for getting processed by all BeanPostProcessors (for example: not eligible for auto-proxying)
11:16:42.646 INFO  [main] cn.springcloud.book.ZuulServerApplication - No active profile set, falling back to default profiles: default
11:16:42.656 INFO  [main] o.s.b.w.s.c.AnnotationConfigServletWebServerApplicationContext - Refreshing org.springframework.boot.web.servlet.context.AnnotationConfigServletWebServerApplicationContext@336f1079: startup date [Fri Nov 12 11:16:42 CST 2021]; parent: org.springframework.context.annotation.AnnotationConfigApplicationContext@2892dae4
11:16:43.073 INFO  [main] o.s.b.factory.support.DefaultListableBeanFactory - Overriding bean definition for bean 'proxyRequestHelper' with a different definition: replacing [Root bean: class [null]; scope=; abstract=false; lazyInit=false; autowireMode=3; dependencyCheck=0; autowireCandidate=true; primary=false; factoryBeanName=org.springframework.cloud.netflix.zuul.ZuulProxyAutoConfiguration$EndpointConfiguration; factoryMethodName=proxyRequestHelper; initMethodName=null; destroyMethodName=(inferred); defined in class path resource [org/springframework/cloud/netflix/zuul/ZuulProxyAutoConfiguration$EndpointConfiguration.class]] with [Root bean: class [null]; scope=; abstract=false; lazyInit=false; autowireMode=3; dependencyCheck=0; autowireCandidate=true; primary=false; factoryBeanName=org.springframework.cloud.netflix.zuul.ZuulProxyAutoConfiguration$NoActuatorConfiguration; factoryMethodName=proxyRequestHelper; initMethodName=null; destroyMethodName=(inferred); defined in class path resource [org/springframework/cloud/netflix/zuul/ZuulProxyAutoConfiguration$NoActuatorConfiguration.class]]
11:16:43.077 INFO  [main] o.s.b.factory.support.DefaultListableBeanFactory - Overriding bean definition for bean 'counterFactory' with a different definition: replacing [Root bean: class [null]; scope=; abstract=false; lazyInit=false; autowireMode=3; dependencyCheck=0; autowireCandidate=true; primary=false; factoryBeanName=org.springframework.cloud.netflix.zuul.ZuulServerAutoConfiguration$ZuulMetricsConfiguration; factoryMethodName=counterFactory; initMethodName=null; destroyMethodName=(inferred); defined in class path resource [org/springframework/cloud/netflix/zuul/ZuulServerAutoConfiguration$ZuulMetricsConfiguration.class]] with [Root bean: class [null]; scope=; abstract=false; lazyInit=false; autowireMode=3; dependencyCheck=0; autowireCandidate=true; primary=false; factoryBeanName=org.springframework.cloud.netflix.zuul.ZuulServerAutoConfiguration$ZuulCounterFactoryConfiguration; factoryMethodName=counterFactory; initMethodName=null; destroyMethodName=(inferred); defined in class path resource [org/springframework/cloud/netflix/zuul/ZuulServerAutoConfiguration$ZuulCounterFactoryConfiguration.class]]
11:16:43.220 INFO  [main] o.springframework.cloud.context.scope.GenericScope - BeanFactory id=1a481df3-0414-30b2-926a-c4ad85ef5c10
11:16:43.231 INFO  [main] o.s.b.f.a.AutowiredAnnotationBeanPostProcessor - JSR-330 'javax.inject.Inject' annotation found and supported for autowiring
11:16:43.370 INFO  [main] o.s.c.s.PostProcessorRegistrationDelegate$BeanPostProcessorChecker - Bean 'org.springframework.cloud.autoconfigure.ConfigurationPropertiesRebinderAutoConfiguration' of type [org.springframework.cloud.autoconfigure.ConfigurationPropertiesRebinderAutoConfiguration$$EnhancerBySpringCGLIB$$fc4b31a3] is not eligible for getting processed by all BeanPostProcessors (for example: not eligible for auto-proxying)
11:16:43.539 INFO  [main] o.s.boot.web.embedded.tomcat.TomcatWebServer - Tomcat initialized with port(s): 7777 (http)
11:16:43.547 INFO  [main] org.apache.coyote.http11.Http11NioProtocol - Initializing ProtocolHandler ["http-nio-7777"]
11:16:43.553 INFO  [main] org.apache.catalina.core.StandardService - Starting service [Tomcat]
11:16:43.553 INFO  [main] org.apache.catalina.core.StandardEngine - Starting Servlet Engine: Apache Tomcat/8.5.31
11:16:43.556 INFO  [localhost-startStop-1] org.apache.catalina.core.AprLifecycleListener - The APR based Apache Tomcat Native library which allows optimal performance in production environments was not found on the java.library.path: [C:\Program Files\Java\jdk1.8.0_202\bin;C:\WINDOWS\Sun\Java\bin;C:\WINDOWS\system32;C:\WINDOWS;C:\Program Files (x86)\VMware\VMware Workstation\bin\;D:\mysql-8.0.19-winx64\bin;C:\Python27;C:\Python27\Scripts;C:\Program Files\Java\jdk1.8.0_202\bin;C:\WINDOWS\system32;C:\WINDOWS;C:\WINDOWS\System32\Wbem;C:\WINDOWS\System32\WindowsPowerShell\v1.0\;C:\maven\bin;C:\phantomjs-2.1.1-windows\bin;C:\Apache-Subversion-1.9.7\bin;C:\instantclient_12_1;C:\Program Files\dotnet\;C:\WINDOWS\System32\OpenSSH\;C:\apache-cxf-3.2.4\bin;C:\Program Files (x86)\dotnet\;C:\cxf\bin;C:\ProgramData\chocolatey\bin;C:\WINDOWS\system32;C:\WINDOWS;C:\WINDOWS\System32\Wbem;C:\WINDOWS\System32\WindowsPowerShell\v1.0\;C:\WINDOWS\System32\OpenSSH\;C:\ant\bin;C:\gradle\bin;C:\Program Files\TortoiseSVN\bin;C:\Program Files\Go\bin;C:\Program Files\nodejs\;C:\Program Files\Git\cmd;C:\Program Files\Git\mingw64\bin;C:\Program Files\Git\usr\bin;C:\Program Files\Microsoft VS Code\bin;C:\Program Files\PowerShell\7\;C:\Users\zhuiz\.cargo\bin;C:\Users\zhuiz\AppData\Local\Microsoft\WindowsApps;C:\Program Files\Microsoft VS Code\bin;C:\Program Files\JetBrains\IntelliJ IDEA 2018.3\bin;C:\Users\zhuiz\AppData\Local\Microsoft\WindowsApps;C:\Program Files\JetBrains\IntelliJ IDEA 2020.3.2\bin;C:\Users\zhuiz\.dotnet\tools;C:\Users\zhuiz\go\bin;C:\Users\zhuiz\AppData\Roaming\npm;.]
11:16:43.718 INFO  [localhost-startStop-1] o.a.c.core.ContainerBase.[Tomcat].[localhost].[/] - Initializing Spring embedded WebApplicationContext
11:16:43.718 INFO  [localhost-startStop-1] org.springframework.web.context.ContextLoader - Root WebApplicationContext: initialization completed in 1062 ms
11:16:43.882 WARN  [localhost-startStop-1] com.netflix.config.sources.URLConfigurationSource - No URLs will be polled as dynamic configuration sources.
11:16:43.882 INFO  [localhost-startStop-1] com.netflix.config.sources.URLConfigurationSource - To enable URLs as dynamic configuration sources, define System property archaius.configurationSource.additionalUrls or make config.properties available on classpath.
11:16:43.888 INFO  [localhost-startStop-1] com.netflix.config.DynamicPropertyFactory - DynamicPropertyFactory is initialized with configuration sources: com.netflix.config.ConcurrentCompositeConfiguration@16f04029
11:16:45.062 INFO  [localhost-startStop-1] org.springframework.cloud.commons.util.InetUtils - Cannot determine local hostname
11:16:46.200 INFO  [localhost-startStop-1] org.springframework.cloud.commons.util.InetUtils - Cannot determine local hostname
11:16:46.674 INFO  [localhost-startStop-1] o.s.boot.web.servlet.ServletRegistrationBean - Servlet dispatcherServlet mapped to [/]
11:16:46.675 INFO  [localhost-startStop-1] o.s.boot.web.servlet.ServletRegistrationBean - Servlet zuulServlet mapped to [/zuul/*]
11:16:46.679 INFO  [localhost-startStop-1] o.s.boot.web.servlet.FilterRegistrationBean - Mapping filter: 'characterEncodingFilter' to: [/*]
11:16:46.679 INFO  [localhost-startStop-1] o.s.boot.web.servlet.FilterRegistrationBean - Mapping filter: 'hiddenHttpMethodFilter' to: [/*]
11:16:46.679 INFO  [localhost-startStop-1] o.s.boot.web.servlet.FilterRegistrationBean - Mapping filter: 'httpPutFormContentFilter' to: [/*]
11:16:46.679 INFO  [localhost-startStop-1] o.s.boot.web.servlet.FilterRegistrationBean - Mapping filter: 'requestContextFilter' to: [/*]
11:16:46.679 INFO  [localhost-startStop-1] o.s.boot.web.servlet.FilterRegistrationBean - Mapping filter: 'httpTraceFilter' to: [/*]
11:16:46.679 INFO  [localhost-startStop-1] o.s.boot.web.servlet.FilterRegistrationBean - Mapping filter: 'webMvcMetricsFilter' to: [/*]
11:16:46.680 INFO  [localhost-startStop-1] o.s.b.a.endpoint.web.ServletEndpointRegistrar - Registered '/actuator/hystrix.stream' to hystrix.stream-actuator-endpoint
11:16:46.741 WARN  [main] com.netflix.config.sources.URLConfigurationSource - No URLs will be polled as dynamic configuration sources.
11:16:46.742 INFO  [main] com.netflix.config.sources.URLConfigurationSource - To enable URLs as dynamic configuration sources, define System property archaius.configurationSource.additionalUrls or make config.properties available on classpath.
11:16:46.804 INFO  [main] o.s.web.servlet.handler.SimpleUrlHandlerMapping - Mapped URL path [/**/favicon.ico] onto handler of type [class org.springframework.web.servlet.resource.ResourceHttpRequestHandler]
11:16:46.934 INFO  [main] o.s.w.s.m.m.a.RequestMappingHandlerAdapter - Looking for @ControllerAdvice: org.springframework.boot.web.servlet.context.AnnotationConfigServletWebServerApplicationContext@336f1079: startup date [Fri Nov 12 11:16:42 CST 2021]; parent: org.springframework.context.annotation.AnnotationConfigApplicationContext@2892dae4
11:16:46.976 INFO  [main] o.s.w.s.m.m.a.RequestMappingHandlerMapping - Mapped "{[/error]}" onto public org.springframework.http.ResponseEntity<java.util.Map<java.lang.String, java.lang.Object>> org.springframework.boot.autoconfigure.web.servlet.error.BasicErrorController.error(javax.servlet.http.HttpServletRequest)
11:16:46.977 INFO  [main] o.s.w.s.m.m.a.RequestMappingHandlerMapping - Mapped "{[/error],produces=[text/html]}" onto public org.springframework.web.servlet.ModelAndView org.springframework.boot.autoconfigure.web.servlet.error.BasicErrorController.errorHtml(javax.servlet.http.HttpServletRequest,javax.servlet.http.HttpServletResponse)
11:16:46.998 INFO  [main] o.s.web.servlet.handler.SimpleUrlHandlerMapping - Mapped URL path [/webjars/**] onto handler of type [class org.springframework.web.servlet.resource.ResourceHttpRequestHandler]
11:16:46.998 INFO  [main] o.s.web.servlet.handler.SimpleUrlHandlerMapping - Mapped URL path [/**] onto handler of type [class org.springframework.web.servlet.resource.ResourceHttpRequestHandler]
11:16:47.532 INFO  [main] o.s.cloud.netflix.zuul.ZuulFilterInitializer - Starting filter initializer
11:16:47.572 INFO  [main] o.s.b.actuate.endpoint.web.EndpointLinksResolver - Exposing 1 endpoint(s) beneath base path '/actuator'
11:16:47.581 INFO  [main] o.s.b.a.e.web.servlet.WebMvcEndpointHandlerMapping - Mapped "{[/actuator],methods=[GET],produces=[application/vnd.spring-boot.actuator.v2+json || application/json]}" onto protected java.util.Map<java.lang.String, java.util.Map<java.lang.String, org.springframework.boot.actuate.endpoint.web.Link>> org.springframework.boot.actuate.endpoint.web.servlet.WebMvcEndpointHandlerMapping.links(javax.servlet.http.HttpServletRequest,javax.servlet.http.HttpServletResponse)
11:16:47.617 INFO  [main] o.s.jmx.export.annotation.AnnotationMBeanExporter - Registering beans for JMX exposure on startup
11:16:47.623 INFO  [main] o.s.jmx.export.annotation.AnnotationMBeanExporter - Bean with name 'environmentManager' has been autodetected for JMX exposure
11:16:47.624 INFO  [main] o.s.jmx.export.annotation.AnnotationMBeanExporter - Bean with name 'configurationPropertiesRebinder' has been autodetected for JMX exposure
11:16:47.624 INFO  [main] o.s.jmx.export.annotation.AnnotationMBeanExporter - Bean with name 'refreshScope' has been autodetected for JMX exposure
11:16:47.627 INFO  [main] o.s.jmx.export.annotation.AnnotationMBeanExporter - Located managed bean 'environmentManager': registering with JMX server as MBean [org.springframework.cloud.context.environment:name=environmentManager,type=EnvironmentManager]
11:16:47.632 INFO  [main] o.s.jmx.export.annotation.AnnotationMBeanExporter - Located managed bean 'refreshScope': registering with JMX server as MBean [org.springframework.cloud.context.scope.refresh:name=refreshScope,type=RefreshScope]
11:16:47.639 INFO  [main] o.s.jmx.export.annotation.AnnotationMBeanExporter - Located managed bean 'configurationPropertiesRebinder': registering with JMX server as MBean [org.springframework.cloud.context.properties:name=configurationPropertiesRebinder,context=336f1079,type=ConfigurationPropertiesRebinder]
11:16:47.646 INFO  [main] o.s.context.support.DefaultLifecycleProcessor - Starting beans in phase 0
11:16:47.651 INFO  [main] o.s.cloud.netflix.eureka.InstanceInfoFactory - Setting initial instance status as: STARTING
11:16:47.678 INFO  [main] com.netflix.discovery.DiscoveryClient - Initializing Eureka in region us-east-1
11:16:47.712 INFO  [main] c.n.discovery.provider.DiscoveryJerseyProvider - Using JSON encoding codec LegacyJacksonJson
11:16:47.712 INFO  [main] c.n.discovery.provider.DiscoveryJerseyProvider - Using JSON decoding codec LegacyJacksonJson
11:16:47.786 INFO  [main] c.n.discovery.provider.DiscoveryJerseyProvider - Using XML encoding codec XStreamXml
11:16:47.786 INFO  [main] c.n.discovery.provider.DiscoveryJerseyProvider - Using XML decoding codec XStreamXml
11:16:47.935 INFO  [main] c.n.d.shared.resolver.aws.ConfigClusterResolver - Resolving eureka endpoints via configuration
11:16:48.005 INFO  [main] com.netflix.discovery.DiscoveryClient - Disable delta property : false
11:16:48.005 INFO  [main] com.netflix.discovery.DiscoveryClient - Single vip registry refresh property : null
11:16:48.005 INFO  [main] com.netflix.discovery.DiscoveryClient - Force full registry fetch : false
11:16:48.005 INFO  [main] com.netflix.discovery.DiscoveryClient - Application is null : false
11:16:48.005 INFO  [main] com.netflix.discovery.DiscoveryClient - Registered Applications size is zero : true
11:16:48.005 INFO  [main] com.netflix.discovery.DiscoveryClient - Application version is -1: true
11:16:48.005 INFO  [main] com.netflix.discovery.DiscoveryClient - Getting all instance registry info from the eureka server
11:16:48.132 INFO  [main] com.netflix.discovery.DiscoveryClient - The response status is 200
11:16:48.133 INFO  [main] com.netflix.discovery.DiscoveryClient - Starting heartbeat executor: renew interval is: 30
11:16:48.135 INFO  [main] com.netflix.discovery.InstanceInfoReplicator - InstanceInfoReplicator onDemand update allowed rate per min is 4
11:16:48.137 INFO  [main] com.netflix.discovery.DiscoveryClient - Discovery Client initialized at timestamp 1636687008136 with initial instances count: 0
11:16:48.140 INFO  [main] o.s.c.n.e.serviceregistry.EurekaServiceRegistry - Registering application sc-zuul-server with eureka with status UP
11:16:48.141 INFO  [main] com.netflix.discovery.DiscoveryClient - Saw local status change event StatusChangeEvent [timestamp=1636687008141, current=UP, previous=STARTING]
11:16:48.142 INFO  [DiscoveryClient-InstanceInfoReplicator-0] com.netflix.discovery.DiscoveryClient - DiscoveryClient_SC-ZUUL-SERVER/localhost:sc-zuul-server:7777: registering service...
11:16:48.155 INFO  [main] org.apache.coyote.http11.Http11NioProtocol - Starting ProtocolHandler ["http-nio-7777"]
11:16:48.163 INFO  [main] org.apache.tomcat.util.net.NioSelectorPool - Using a shared selector for servlet write/read
11:16:48.179 INFO  [main] o.s.boot.web.embedded.tomcat.TomcatWebServer - Tomcat started on port(s): 7777 (http) with context path ''
11:16:48.180 INFO  [main] o.s.c.n.e.s.EurekaAutoServiceRegistration - Updating port to 7777
11:16:48.183 INFO  [main] cn.springcloud.book.ZuulServerApplication - Started ZuulServerApplication in 8.282 seconds (JVM running for 9.152)
11:16:48.213 INFO  [DiscoveryClient-InstanceInfoReplicator-0] com.netflix.discovery.DiscoveryClient - DiscoveryClient_SC-ZUUL-SERVER/localhost:sc-zuul-server:7777 - registration status: 204
11:16:48.650 INFO  [RMI TCP Connection(1)-10.133.96.202] o.a.c.core.ContainerBase.[Tomcat].[localhost].[/] - Initializing Spring FrameworkServlet 'dispatcherServlet'
11:16:48.650 INFO  [RMI TCP Connection(1)-10.133.96.202] org.springframework.web.servlet.DispatcherServlet - FrameworkServlet 'dispatcherServlet': initialization started
11:16:48.662 INFO  [RMI TCP Connection(1)-10.133.96.202] org.springframework.web.servlet.DispatcherServlet - FrameworkServlet 'dispatcherServlet': initialization completed in 12 ms
11:17:09.292 INFO  [main] o.s.c.a.AnnotationConfigApplicationContext - Refreshing org.springframework.context.annotation.AnnotationConfigApplicationContext@696da30b: startup date [Fri Nov 12 11:17:09 CST 2021]; root of context hierarchy
11:17:09.418 INFO  [main] o.s.b.f.a.AutowiredAnnotationBeanPostProcessor - JSR-330 'javax.inject.Inject' annotation found and supported for autowiring
11:17:09.436 INFO  [main] o.s.c.s.PostProcessorRegistrationDelegate$BeanPostProcessorChecker - Bean 'configurationPropertiesRebinderAutoConfiguration' of type [org.springframework.cloud.autoconfigure.ConfigurationPropertiesRebinderAutoConfiguration$$EnhancerBySpringCGLIB$$62d047c5] is not eligible for getting processed by all BeanPostProcessors (for example: not eligible for auto-proxying)
11:17:10.667 INFO  [main] o.s.c.c.client.ConfigServicePropertySourceLocator - Fetching config from server at : http://localhost:9090
11:17:12.782 INFO  [main] o.s.c.c.client.ConfigServicePropertySourceLocator - Connect Timeout Exception on Url - http://localhost:9090. Will be trying the next url if available
11:17:12.783 WARN  [main] o.s.c.c.client.ConfigServicePropertySourceLocator - Could not locate PropertySource: I/O error on GET request for "http://localhost:9090/config-info/dev/master": Connection refused: connect; nested exception is java.net.ConnectException: Connection refused: connect
11:17:12.784 INFO  [main] c.s.book.dataservice.DataServiceApplication - No active profile set, falling back to default profiles: default
11:17:12.799 INFO  [main] o.s.b.w.s.c.AnnotationConfigServletWebServerApplicationContext - Refreshing org.springframework.boot.web.servlet.context.AnnotationConfigServletWebServerApplicationContext@53fd0d10: startup date [Fri Nov 12 11:17:12 CST 2021]; parent: org.springframework.context.annotation.AnnotationConfigApplicationContext@696da30b
11:17:13.408 INFO  [main] o.springframework.cloud.context.scope.GenericScope - BeanFactory id=9fa2f2bd-2cbe-3f14-8d54-bf32998c5abe
11:17:13.420 INFO  [main] o.s.b.f.a.AutowiredAnnotationBeanPostProcessor - JSR-330 'javax.inject.Inject' annotation found and supported for autowiring
11:17:13.567 INFO  [main] o.s.c.s.PostProcessorRegistrationDelegate$BeanPostProcessorChecker - Bean 'org.springframework.cloud.autoconfigure.ConfigurationPropertiesRebinderAutoConfiguration' of type [org.springframework.cloud.autoconfigure.ConfigurationPropertiesRebinderAutoConfiguration$$EnhancerBySpringCGLIB$$62d047c5] is not eligible for getting processed by all BeanPostProcessors (for example: not eligible for auto-proxying)
11:17:13.841 INFO  [main] o.s.boot.web.embedded.tomcat.TomcatWebServer - Tomcat initialized with port(s): 8099 (http)
11:17:13.853 INFO  [main] org.apache.coyote.http11.Http11NioProtocol - Initializing ProtocolHandler ["http-nio-8099"]
11:17:13.861 INFO  [main] org.apache.catalina.core.StandardService - Starting service [Tomcat]
11:17:13.862 INFO  [main] org.apache.catalina.core.StandardEngine - Starting Servlet Engine: Apache Tomcat/8.5.31
11:17:13.865 INFO  [localhost-startStop-1] org.apache.catalina.core.AprLifecycleListener - The APR based Apache Tomcat Native library which allows optimal performance in production environments was not found on the java.library.path: [C:\Program Files\Java\jdk1.8.0_202\bin;C:\WINDOWS\Sun\Java\bin;C:\WINDOWS\system32;C:\WINDOWS;C:\Program Files (x86)\VMware\VMware Workstation\bin\;D:\mysql-8.0.19-winx64\bin;C:\Python27;C:\Python27\Scripts;C:\Program Files\Java\jdk1.8.0_202\bin;C:\WINDOWS\system32;C:\WINDOWS;C:\WINDOWS\System32\Wbem;C:\WINDOWS\System32\WindowsPowerShell\v1.0\;C:\maven\bin;C:\phantomjs-2.1.1-windows\bin;C:\Apache-Subversion-1.9.7\bin;C:\instantclient_12_1;C:\Program Files\dotnet\;C:\WINDOWS\System32\OpenSSH\;C:\apache-cxf-3.2.4\bin;C:\Program Files (x86)\dotnet\;C:\cxf\bin;C:\ProgramData\chocolatey\bin;C:\WINDOWS\system32;C:\WINDOWS;C:\WINDOWS\System32\Wbem;C:\WINDOWS\System32\WindowsPowerShell\v1.0\;C:\WINDOWS\System32\OpenSSH\;C:\ant\bin;C:\gradle\bin;C:\Program Files\TortoiseSVN\bin;C:\Program Files\Go\bin;C:\Program Files\nodejs\;C:\Program Files\Git\cmd;C:\Program Files\Git\mingw64\bin;C:\Program Files\Git\usr\bin;C:\Program Files\Microsoft VS Code\bin;C:\Program Files\PowerShell\7\;C:\Users\zhuiz\.cargo\bin;C:\Users\zhuiz\AppData\Local\Microsoft\WindowsApps;C:\Program Files\Microsoft VS Code\bin;C:\Program Files\JetBrains\IntelliJ IDEA 2018.3\bin;C:\Users\zhuiz\AppData\Local\Microsoft\WindowsApps;C:\Program Files\JetBrains\IntelliJ IDEA 2020.3.2\bin;C:\Users\zhuiz\.dotnet\tools;C:\Users\zhuiz\go\bin;C:\Users\zhuiz\AppData\Roaming\npm;.]
11:17:13.979 INFO  [localhost-startStop-1] o.a.c.core.ContainerBase.[Tomcat].[localhost].[/] - Initializing Spring embedded WebApplicationContext
11:17:13.979 INFO  [localhost-startStop-1] org.springframework.web.context.ContextLoader - Root WebApplicationContext: initialization completed in 1180 ms
11:17:14.210 WARN  [localhost-startStop-1] com.netflix.config.sources.URLConfigurationSource - No URLs will be polled as dynamic configuration sources.
11:17:14.210 INFO  [localhost-startStop-1] com.netflix.config.sources.URLConfigurationSource - To enable URLs as dynamic configuration sources, define System property archaius.configurationSource.additionalUrls or make config.properties available on classpath.
11:17:14.219 INFO  [localhost-startStop-1] com.netflix.config.DynamicPropertyFactory - DynamicPropertyFactory is initialized with configuration sources: com.netflix.config.ConcurrentCompositeConfiguration@160dda1f
11:17:15.642 INFO  [localhost-startStop-1] org.springframework.cloud.commons.util.InetUtils - Cannot determine local hostname
11:17:16.798 INFO  [localhost-startStop-1] org.springframework.cloud.commons.util.InetUtils - Cannot determine local hostname
11:17:17.524 INFO  [localhost-startStop-1] o.s.boot.web.servlet.ServletRegistrationBean - Servlet dispatcherServlet mapped to [/]
11:17:17.527 INFO  [localhost-startStop-1] o.s.boot.web.servlet.FilterRegistrationBean - Mapping filter: 'characterEncodingFilter' to: [/*]
11:17:17.528 INFO  [localhost-startStop-1] o.s.boot.web.servlet.FilterRegistrationBean - Mapping filter: 'hiddenHttpMethodFilter' to: [/*]
11:17:17.528 INFO  [localhost-startStop-1] o.s.boot.web.servlet.FilterRegistrationBean - Mapping filter: 'httpPutFormContentFilter' to: [/*]
11:17:17.528 INFO  [localhost-startStop-1] o.s.boot.web.servlet.FilterRegistrationBean - Mapping filter: 'requestContextFilter' to: [/*]
11:17:17.528 INFO  [localhost-startStop-1] o.s.boot.web.servlet.FilterRegistrationBean - Mapping filter: 'httpTraceFilter' to: [/*]
11:17:17.529 INFO  [localhost-startStop-1] o.s.boot.web.servlet.FilterRegistrationBean - Mapping filter: 'webMvcMetricsFilter' to: [/*]
11:17:17.529 INFO  [localhost-startStop-1] o.s.b.a.endpoint.web.ServletEndpointRegistrar - Registered '/actuator/hystrix.stream' to hystrix.stream-actuator-endpoint
11:17:17.583 WARN  [main] com.netflix.config.sources.URLConfigurationSource - No URLs will be polled as dynamic configuration sources.
11:17:17.583 INFO  [main] com.netflix.config.sources.URLConfigurationSource - To enable URLs as dynamic configuration sources, define System property archaius.configurationSource.additionalUrls or make config.properties available on classpath.
11:17:17.648 INFO  [main] o.s.web.servlet.handler.SimpleUrlHandlerMapping - Mapped URL path [/**/favicon.ico] onto handler of type [class org.springframework.web.servlet.resource.ResourceHttpRequestHandler]
11:17:17.795 INFO  [main] o.s.w.s.m.m.a.RequestMappingHandlerAdapter - Looking for @ControllerAdvice: org.springframework.boot.web.servlet.context.AnnotationConfigServletWebServerApplicationContext@53fd0d10: startup date [Fri Nov 12 11:17:12 CST 2021]; parent: org.springframework.context.annotation.AnnotationConfigApplicationContext@696da30b
11:17:17.834 INFO  [main] o.s.w.s.m.m.a.RequestMappingHandlerMapping - Mapped "{[/getContextUserId],methods=[GET]}" onto public java.lang.String cn.springcloud.book.dataservice.controller.DataController.getContextUserId()
11:17:17.835 INFO  [main] o.s.w.s.m.m.a.RequestMappingHandlerMapping - Mapped "{[/getDefaultUser],methods=[GET]}" onto public java.lang.String cn.springcloud.book.dataservice.controller.DataController.getDefaultUser()
11:17:17.835 INFO  [main] o.s.w.s.m.m.a.RequestMappingHandlerMapping - Mapped "{[/getProviderData],methods=[GET]}" onto public java.util.List<java.lang.String> cn.springcloud.book.dataservice.controller.DataController.getProviderData()
11:17:17.839 INFO  [main] o.s.w.s.m.m.a.RequestMappingHandlerMapping - Mapped "{[/error]}" onto public org.springframework.http.ResponseEntity<java.util.Map<java.lang.String, java.lang.Object>> org.springframework.boot.autoconfigure.web.servlet.error.BasicErrorController.error(javax.servlet.http.HttpServletRequest)
11:17:17.839 INFO  [main] o.s.w.s.m.m.a.RequestMappingHandlerMapping - Mapped "{[/error],produces=[text/html]}" onto public org.springframework.web.servlet.ModelAndView org.springframework.boot.autoconfigure.web.servlet.error.BasicErrorController.errorHtml(javax.servlet.http.HttpServletRequest,javax.servlet.http.HttpServletResponse)
11:17:17.859 INFO  [main] o.s.web.servlet.handler.SimpleUrlHandlerMapping - Mapped URL path [/webjars/**] onto handler of type [class org.springframework.web.servlet.resource.ResourceHttpRequestHandler]
11:17:17.859 INFO  [main] o.s.web.servlet.handler.SimpleUrlHandlerMapping - Mapped URL path [/**] onto handler of type [class org.springframework.web.servlet.resource.ResourceHttpRequestHandler]
11:17:18.140 INFO  [DiscoveryClient-CacheRefreshExecutor-0] com.netflix.discovery.DiscoveryClient - Disable delta property : false
11:17:18.140 INFO  [DiscoveryClient-CacheRefreshExecutor-0] com.netflix.discovery.DiscoveryClient - Single vip registry refresh property : null
11:17:18.141 INFO  [DiscoveryClient-CacheRefreshExecutor-0] com.netflix.discovery.DiscoveryClient - Force full registry fetch : false
11:17:18.141 INFO  [DiscoveryClient-CacheRefreshExecutor-0] com.netflix.discovery.DiscoveryClient - Application is null : false
11:17:18.141 INFO  [DiscoveryClient-CacheRefreshExecutor-0] com.netflix.discovery.DiscoveryClient - Registered Applications size is zero : true
11:17:18.141 INFO  [DiscoveryClient-CacheRefreshExecutor-0] com.netflix.discovery.DiscoveryClient - Application version is -1: false
11:17:18.141 INFO  [DiscoveryClient-CacheRefreshExecutor-0] com.netflix.discovery.DiscoveryClient - Getting all instance registry info from the eureka server
11:17:18.189 INFO  [DiscoveryClient-CacheRefreshExecutor-0] com.netflix.discovery.DiscoveryClient - The response status is 200
11:17:18.238 INFO  [main] o.s.b.actuate.endpoint.web.EndpointLinksResolver - Exposing 1 endpoint(s) beneath base path '/actuator'
11:17:18.246 INFO  [main] o.s.b.a.e.web.servlet.WebMvcEndpointHandlerMapping - Mapped "{[/actuator],methods=[GET],produces=[application/vnd.spring-boot.actuator.v2+json || application/json]}" onto protected java.util.Map<java.lang.String, java.util.Map<java.lang.String, org.springframework.boot.actuate.endpoint.web.Link>> org.springframework.boot.actuate.endpoint.web.servlet.WebMvcEndpointHandlerMapping.links(javax.servlet.http.HttpServletRequest,javax.servlet.http.HttpServletResponse)
11:17:18.285 INFO  [main] o.s.jmx.export.annotation.AnnotationMBeanExporter - Registering beans for JMX exposure on startup
11:17:18.291 INFO  [main] o.s.jmx.export.annotation.AnnotationMBeanExporter - Bean with name 'environmentManager' has been autodetected for JMX exposure
11:17:18.293 INFO  [main] o.s.jmx.export.annotation.AnnotationMBeanExporter - Bean with name 'configurationPropertiesRebinder' has been autodetected for JMX exposure
11:17:18.293 INFO  [main] o.s.jmx.export.annotation.AnnotationMBeanExporter - Bean with name 'refreshScope' has been autodetected for JMX exposure
11:17:18.295 INFO  [main] o.s.jmx.export.annotation.AnnotationMBeanExporter - Located managed bean 'environmentManager': registering with JMX server as MBean [org.springframework.cloud.context.environment:name=environmentManager,type=EnvironmentManager]
11:17:18.301 INFO  [main] o.s.jmx.export.annotation.AnnotationMBeanExporter - Located managed bean 'refreshScope': registering with JMX server as MBean [org.springframework.cloud.context.scope.refresh:name=refreshScope,type=RefreshScope]
11:17:18.309 INFO  [main] o.s.jmx.export.annotation.AnnotationMBeanExporter - Located managed bean 'configurationPropertiesRebinder': registering with JMX server as MBean [org.springframework.cloud.context.properties:name=configurationPropertiesRebinder,context=53fd0d10,type=ConfigurationPropertiesRebinder]
11:17:18.319 INFO  [main] o.s.context.support.DefaultLifecycleProcessor - Starting beans in phase 0
11:17:18.324 INFO  [main] o.s.cloud.netflix.eureka.InstanceInfoFactory - Setting initial instance status as: STARTING
11:17:18.354 INFO  [main] com.netflix.discovery.DiscoveryClient - Initializing Eureka in region us-east-1
11:17:18.550 INFO  [main] c.n.discovery.provider.DiscoveryJerseyProvider - Using JSON encoding codec LegacyJacksonJson
11:17:18.550 INFO  [main] c.n.discovery.provider.DiscoveryJerseyProvider - Using JSON decoding codec LegacyJacksonJson
11:17:18.625 INFO  [main] c.n.discovery.provider.DiscoveryJerseyProvider - Using XML encoding codec XStreamXml
11:17:18.625 INFO  [main] c.n.discovery.provider.DiscoveryJerseyProvider - Using XML decoding codec XStreamXml
11:17:18.765 INFO  [main] c.n.d.shared.resolver.aws.ConfigClusterResolver - Resolving eureka endpoints via configuration
11:17:18.834 INFO  [main] com.netflix.discovery.DiscoveryClient - Disable delta property : false
11:17:18.834 INFO  [main] com.netflix.discovery.DiscoveryClient - Single vip registry refresh property : null
11:17:18.834 INFO  [main] com.netflix.discovery.DiscoveryClient - Force full registry fetch : false
11:17:18.834 INFO  [main] com.netflix.discovery.DiscoveryClient - Application is null : false
11:17:18.835 INFO  [main] com.netflix.discovery.DiscoveryClient - Registered Applications size is zero : true
11:17:18.835 INFO  [main] com.netflix.discovery.DiscoveryClient - Application version is -1: true
11:17:18.835 INFO  [main] com.netflix.discovery.DiscoveryClient - Getting all instance registry info from the eureka server
11:17:18.919 INFO  [main] com.netflix.discovery.DiscoveryClient - The response status is 200
11:17:18.921 INFO  [main] com.netflix.discovery.DiscoveryClient - Starting heartbeat executor: renew interval is: 30
11:17:18.922 INFO  [main] com.netflix.discovery.InstanceInfoReplicator - InstanceInfoReplicator onDemand update allowed rate per min is 4
11:17:18.924 INFO  [main] com.netflix.discovery.DiscoveryClient - Discovery Client initialized at timestamp 1636687038924 with initial instances count: 1
11:17:18.927 INFO  [main] o.s.c.n.e.serviceregistry.EurekaServiceRegistry - Registering application sc-data-service with eureka with status UP
11:17:18.928 INFO  [main] com.netflix.discovery.DiscoveryClient - Saw local status change event StatusChangeEvent [timestamp=1636687038928, current=UP, previous=STARTING]
11:17:18.929 INFO  [DiscoveryClient-InstanceInfoReplicator-0] com.netflix.discovery.DiscoveryClient - DiscoveryClient_SC-DATA-SERVICE/localhost:sc-data-service:8099: registering service...
11:17:18.939 INFO  [main] org.apache.coyote.http11.Http11NioProtocol - Starting ProtocolHandler ["http-nio-8099"]
11:17:18.945 INFO  [main] org.apache.tomcat.util.net.NioSelectorPool - Using a shared selector for servlet write/read
11:17:18.962 INFO  [main] o.s.boot.web.embedded.tomcat.TomcatWebServer - Tomcat started on port(s): 8099 (http) with context path ''
11:17:18.962 INFO  [main] o.s.c.n.e.s.EurekaAutoServiceRegistration - Updating port to 8099
11:17:18.965 INFO  [main] c.s.book.dataservice.DataServiceApplication - Started DataServiceApplication in 11.101 seconds (JVM running for 11.808)
11:17:18.970 INFO  [DiscoveryClient-InstanceInfoReplicator-0] com.netflix.discovery.DiscoveryClient - DiscoveryClient_SC-DATA-SERVICE/localhost:sc-data-service:8099 - registration status: 204
11:17:19.390 INFO  [main] o.s.c.a.AnnotationConfigApplicationContext - Refreshing org.springframework.context.annotation.AnnotationConfigApplicationContext@759d26fb: startup date [Fri Nov 12 11:17:19 CST 2021]; root of context hierarchy
11:17:19.445 INFO  [RMI TCP Connection(5)-10.133.96.202] o.a.c.core.ContainerBase.[Tomcat].[localhost].[/] - Initializing Spring FrameworkServlet 'dispatcherServlet'
11:17:19.445 INFO  [RMI TCP Connection(5)-10.133.96.202] org.springframework.web.servlet.DispatcherServlet - FrameworkServlet 'dispatcherServlet': initialization started
11:17:19.449 INFO  [RMI TCP Connection(4)-10.133.96.202] o.s.c.c.client.ConfigServicePropertySourceLocator - Fetching config from server at : http://localhost:9090
11:17:19.459 INFO  [RMI TCP Connection(5)-10.133.96.202] org.springframework.web.servlet.DispatcherServlet - FrameworkServlet 'dispatcherServlet': initialization completed in 14 ms
11:17:19.539 INFO  [main] o.s.b.f.a.AutowiredAnnotationBeanPostProcessor - JSR-330 'javax.inject.Inject' annotation found and supported for autowiring
11:17:19.559 INFO  [main] o.s.c.s.PostProcessorRegistrationDelegate$BeanPostProcessorChecker - Bean 'configurationPropertiesRebinderAutoConfiguration' of type [org.springframework.cloud.autoconfigure.ConfigurationPropertiesRebinderAutoConfiguration$$EnhancerBySpringCGLIB$$dc6b7c5c] is not eligible for getting processed by all BeanPostProcessors (for example: not eligible for auto-proxying)
11:17:20.783 INFO  [main] o.s.c.c.client.ConfigServicePropertySourceLocator - Fetching config from server at : http://localhost:9090
11:17:21.505 INFO  [RMI TCP Connection(4)-10.133.96.202] o.s.c.c.client.ConfigServicePropertySourceLocator - Connect Timeout Exception on Url - http://localhost:9090. Will be trying the next url if available
11:17:21.505 WARN  [RMI TCP Connection(4)-10.133.96.202] o.s.c.c.client.ConfigServicePropertySourceLocator - Could not locate PropertySource: I/O error on GET request for "http://localhost:9090/config-info/dev/master": Connection refused: connect; nested exception is java.net.ConnectException: Connection refused: connect
11:17:22.887 INFO  [main] o.s.c.c.client.ConfigServicePropertySourceLocator - Connect Timeout Exception on Url - http://localhost:9090. Will be trying the next url if available
11:17:22.888 WARN  [main] o.s.c.c.client.ConfigServicePropertySourceLocator - Could not locate PropertySource: I/O error on GET request for "http://localhost:9090/config-info/dev/master": Connection refused: connect; nested exception is java.net.ConnectException: Connection refused: connect
11:17:22.889 INFO  [main] cn.springcloud.book.user.UserServiceApplication - No active profile set, falling back to default profiles: default
11:17:22.903 INFO  [main] o.s.b.w.s.c.AnnotationConfigServletWebServerApplicationContext - Refreshing org.springframework.boot.web.servlet.context.AnnotationConfigServletWebServerApplicationContext@5dcd8c7a: startup date [Fri Nov 12 11:17:22 CST 2021]; parent: org.springframework.context.annotation.AnnotationConfigApplicationContext@759d26fb
11:17:23.460 INFO  [main] o.springframework.cloud.context.scope.GenericScope - BeanFactory id=0f9e2d1b-4f95-3bc4-bf24-f1321cd2575c
11:17:23.470 INFO  [main] o.s.b.f.a.AutowiredAnnotationBeanPostProcessor - JSR-330 'javax.inject.Inject' annotation found and supported for autowiring
11:17:23.603 INFO  [main] o.s.c.s.PostProcessorRegistrationDelegate$BeanPostProcessorChecker - Bean 'org.springframework.cloud.autoconfigure.ConfigurationPropertiesRebinderAutoConfiguration' of type [org.springframework.cloud.autoconfigure.ConfigurationPropertiesRebinderAutoConfiguration$$EnhancerBySpringCGLIB$$dc6b7c5c] is not eligible for getting processed by all BeanPostProcessors (for example: not eligible for auto-proxying)
11:17:23.845 INFO  [main] o.s.boot.web.embedded.tomcat.TomcatWebServer - Tomcat initialized with port(s): 9091 (http)
11:17:23.854 INFO  [main] org.apache.coyote.http11.Http11NioProtocol - Initializing ProtocolHandler ["http-nio-9091"]
11:17:23.860 INFO  [main] org.apache.catalina.core.StandardService - Starting service [Tomcat]
11:17:23.860 INFO  [main] org.apache.catalina.core.StandardEngine - Starting Servlet Engine: Apache Tomcat/8.5.31
11:17:23.863 INFO  [localhost-startStop-1] org.apache.catalina.core.AprLifecycleListener - The APR based Apache Tomcat Native library which allows optimal performance in production environments was not found on the java.library.path: [C:\Program Files\Java\jdk1.8.0_202\bin;C:\WINDOWS\Sun\Java\bin;C:\WINDOWS\system32;C:\WINDOWS;C:\Program Files (x86)\VMware\VMware Workstation\bin\;D:\mysql-8.0.19-winx64\bin;C:\Python27;C:\Python27\Scripts;C:\Program Files\Java\jdk1.8.0_202\bin;C:\WINDOWS\system32;C:\WINDOWS;C:\WINDOWS\System32\Wbem;C:\WINDOWS\System32\WindowsPowerShell\v1.0\;C:\maven\bin;C:\phantomjs-2.1.1-windows\bin;C:\Apache-Subversion-1.9.7\bin;C:\instantclient_12_1;C:\Program Files\dotnet\;C:\WINDOWS\System32\OpenSSH\;C:\apache-cxf-3.2.4\bin;C:\Program Files (x86)\dotnet\;C:\cxf\bin;C:\ProgramData\chocolatey\bin;C:\WINDOWS\system32;C:\WINDOWS;C:\WINDOWS\System32\Wbem;C:\WINDOWS\System32\WindowsPowerShell\v1.0\;C:\WINDOWS\System32\OpenSSH\;C:\ant\bin;C:\gradle\bin;C:\Program Files\TortoiseSVN\bin;C:\Program Files\Go\bin;C:\Program Files\nodejs\;C:\Program Files\Git\cmd;C:\Program Files\Git\mingw64\bin;C:\Program Files\Git\usr\bin;C:\Program Files\Microsoft VS Code\bin;C:\Program Files\PowerShell\7\;C:\Users\zhuiz\.cargo\bin;C:\Users\zhuiz\AppData\Local\Microsoft\WindowsApps;C:\Program Files\Microsoft VS Code\bin;C:\Program Files\JetBrains\IntelliJ IDEA 2018.3\bin;C:\Users\zhuiz\AppData\Local\Microsoft\WindowsApps;C:\Program Files\JetBrains\IntelliJ IDEA 2020.3.2\bin;C:\Users\zhuiz\.dotnet\tools;C:\Users\zhuiz\go\bin;C:\Users\zhuiz\AppData\Roaming\npm;.]
11:17:23.965 INFO  [localhost-startStop-1] o.a.c.core.ContainerBase.[Tomcat].[localhost].[/] - Initializing Spring embedded WebApplicationContext
11:17:23.965 INFO  [localhost-startStop-1] org.springframework.web.context.ContextLoader - Root WebApplicationContext: initialization completed in 1062 ms
11:17:24.145 WARN  [localhost-startStop-1] com.netflix.config.sources.URLConfigurationSource - No URLs will be polled as dynamic configuration sources.
11:17:24.146 INFO  [localhost-startStop-1] com.netflix.config.sources.URLConfigurationSource - To enable URLs as dynamic configuration sources, define System property archaius.configurationSource.additionalUrls or make config.properties available on classpath.
11:17:24.153 INFO  [localhost-startStop-1] com.netflix.config.DynamicPropertyFactory - DynamicPropertyFactory is initialized with configuration sources: com.netflix.config.ConcurrentCompositeConfiguration@5e2b0548
11:17:25.416 INFO  [localhost-startStop-1] org.springframework.cloud.commons.util.InetUtils - Cannot determine local hostname
11:17:26.549 INFO  [localhost-startStop-1] org.springframework.cloud.commons.util.InetUtils - Cannot determine local hostname
11:17:26.919 INFO  [localhost-startStop-1] o.s.boot.web.servlet.ServletRegistrationBean - Servlet dispatcherServlet mapped to [/]
11:17:26.921 INFO  [localhost-startStop-1] o.s.boot.web.servlet.FilterRegistrationBean - Mapping filter: 'characterEncodingFilter' to: [/*]
11:17:26.921 INFO  [localhost-startStop-1] o.s.boot.web.servlet.FilterRegistrationBean - Mapping filter: 'hiddenHttpMethodFilter' to: [/*]
11:17:26.922 INFO  [localhost-startStop-1] o.s.boot.web.servlet.FilterRegistrationBean - Mapping filter: 'httpPutFormContentFilter' to: [/*]
11:17:26.922 INFO  [localhost-startStop-1] o.s.boot.web.servlet.FilterRegistrationBean - Mapping filter: 'requestContextFilter' to: [/*]
11:17:26.922 INFO  [localhost-startStop-1] o.s.boot.web.servlet.FilterRegistrationBean - Mapping filter: 'httpTraceFilter' to: [/*]
11:17:26.922 INFO  [localhost-startStop-1] o.s.boot.web.servlet.FilterRegistrationBean - Mapping filter: 'webMvcMetricsFilter' to: [/*]
11:17:26.922 INFO  [localhost-startStop-1] o.s.b.a.endpoint.web.ServletEndpointRegistrar - Registered '/actuator/hystrix.stream' to hystrix.stream-actuator-endpoint
11:17:26.952 INFO  [main] o.s.c.a.AnnotationConfigApplicationContext - Refreshing FeignContext-sc-data-service: startup date [Fri Nov 12 11:17:26 CST 2021]; parent: org.springframework.boot.web.servlet.context.AnnotationConfigServletWebServerApplicationContext@5dcd8c7a
11:17:26.962 INFO  [main] o.s.b.f.a.AutowiredAnnotationBeanPostProcessor - JSR-330 'javax.inject.Inject' annotation found and supported for autowiring
11:17:27.085 WARN  [main] com.netflix.config.sources.URLConfigurationSource - No URLs will be polled as dynamic configuration sources.
11:17:27.085 INFO  [main] com.netflix.config.sources.URLConfigurationSource - To enable URLs as dynamic configuration sources, define System property archaius.configurationSource.additionalUrls or make config.properties available on classpath.
11:17:27.136 INFO  [main] o.s.web.servlet.handler.SimpleUrlHandlerMapping - Mapped URL path [/**/favicon.ico] onto handler of type [class org.springframework.web.servlet.resource.ResourceHttpRequestHandler]
11:17:27.245 INFO  [main] o.s.w.s.m.m.a.RequestMappingHandlerAdapter - Looking for @ControllerAdvice: org.springframework.boot.web.servlet.context.AnnotationConfigServletWebServerApplicationContext@5dcd8c7a: startup date [Fri Nov 12 11:17:22 CST 2021]; parent: org.springframework.context.annotation.AnnotationConfigApplicationContext@759d26fb
11:17:27.282 INFO  [main] o.s.w.s.m.m.a.RequestMappingHandlerMapping - Mapped "{[/getContextUserId],methods=[GET]}" onto public java.lang.String cn.springcloud.book.user.controller.UserController.getContextUserId()
11:17:27.282 INFO  [main] o.s.w.s.m.m.a.RequestMappingHandlerMapping - Mapped "{[/getDefaultUser],methods=[GET]}" onto public java.lang.String cn.springcloud.book.user.controller.UserController.getDefaultUser()
11:17:27.282 INFO  [main] o.s.w.s.m.m.a.RequestMappingHandlerMapping - Mapped "{[/getProviderData],methods=[GET]}" onto public java.util.List<java.lang.String> cn.springcloud.book.user.controller.UserController.getProviderData()
11:17:27.285 INFO  [main] o.s.w.s.m.m.a.RequestMappingHandlerMapping - Mapped "{[/error]}" onto public org.springframework.http.ResponseEntity<java.util.Map<java.lang.String, java.lang.Object>> org.springframework.boot.autoconfigure.web.servlet.error.BasicErrorController.error(javax.servlet.http.HttpServletRequest)
11:17:27.285 INFO  [main] o.s.w.s.m.m.a.RequestMappingHandlerMapping - Mapped "{[/error],produces=[text/html]}" onto public org.springframework.web.servlet.ModelAndView org.springframework.boot.autoconfigure.web.servlet.error.BasicErrorController.errorHtml(javax.servlet.http.HttpServletRequest,javax.servlet.http.HttpServletResponse)
11:17:27.305 INFO  [main] o.s.web.servlet.handler.SimpleUrlHandlerMapping - Mapped URL path [/webjars/**] onto handler of type [class org.springframework.web.servlet.resource.ResourceHttpRequestHandler]
11:17:27.305 INFO  [main] o.s.web.servlet.handler.SimpleUrlHandlerMapping - Mapped URL path [/**] onto handler of type [class org.springframework.web.servlet.resource.ResourceHttpRequestHandler]
11:17:27.604 INFO  [main] o.s.b.actuate.endpoint.web.EndpointLinksResolver - Exposing 1 endpoint(s) beneath base path '/actuator'
11:17:27.613 INFO  [main] o.s.b.a.e.web.servlet.WebMvcEndpointHandlerMapping - Mapped "{[/actuator],methods=[GET],produces=[application/vnd.spring-boot.actuator.v2+json || application/json]}" onto protected java.util.Map<java.lang.String, java.util.Map<java.lang.String, org.springframework.boot.actuate.endpoint.web.Link>> org.springframework.boot.actuate.endpoint.web.servlet.WebMvcEndpointHandlerMapping.links(javax.servlet.http.HttpServletRequest,javax.servlet.http.HttpServletResponse)
11:17:27.649 INFO  [main] o.s.jmx.export.annotation.AnnotationMBeanExporter - Registering beans for JMX exposure on startup
11:17:27.655 INFO  [main] o.s.jmx.export.annotation.AnnotationMBeanExporter - Bean with name 'environmentManager' has been autodetected for JMX exposure
11:17:27.656 INFO  [main] o.s.jmx.export.annotation.AnnotationMBeanExporter - Bean with name 'configurationPropertiesRebinder' has been autodetected for JMX exposure
11:17:27.656 INFO  [main] o.s.jmx.export.annotation.AnnotationMBeanExporter - Bean with name 'refreshScope' has been autodetected for JMX exposure
11:17:27.658 INFO  [main] o.s.jmx.export.annotation.AnnotationMBeanExporter - Located managed bean 'environmentManager': registering with JMX server as MBean [org.springframework.cloud.context.environment:name=environmentManager,type=EnvironmentManager]
11:17:27.666 INFO  [main] o.s.jmx.export.annotation.AnnotationMBeanExporter - Located managed bean 'refreshScope': registering with JMX server as MBean [org.springframework.cloud.context.scope.refresh:name=refreshScope,type=RefreshScope]
11:17:27.673 INFO  [main] o.s.jmx.export.annotation.AnnotationMBeanExporter - Located managed bean 'configurationPropertiesRebinder': registering with JMX server as MBean [org.springframework.cloud.context.properties:name=configurationPropertiesRebinder,context=5dcd8c7a,type=ConfigurationPropertiesRebinder]
11:17:27.683 INFO  [main] o.s.context.support.DefaultLifecycleProcessor - Starting beans in phase 0
11:17:27.688 INFO  [main] o.s.cloud.netflix.eureka.InstanceInfoFactory - Setting initial instance status as: STARTING
11:17:27.715 INFO  [main] com.netflix.discovery.DiscoveryClient - Initializing Eureka in region us-east-1
11:17:27.904 INFO  [main] c.n.discovery.provider.DiscoveryJerseyProvider - Using JSON encoding codec LegacyJacksonJson
11:17:27.904 INFO  [main] c.n.discovery.provider.DiscoveryJerseyProvider - Using JSON decoding codec LegacyJacksonJson
11:17:27.983 INFO  [main] c.n.discovery.provider.DiscoveryJerseyProvider - Using XML encoding codec XStreamXml
11:17:27.983 INFO  [main] c.n.discovery.provider.DiscoveryJerseyProvider - Using XML decoding codec XStreamXml
11:17:28.125 INFO  [main] c.n.d.shared.resolver.aws.ConfigClusterResolver - Resolving eureka endpoints via configuration
11:17:28.197 INFO  [main] com.netflix.discovery.DiscoveryClient - Disable delta property : false
11:17:28.197 INFO  [main] com.netflix.discovery.DiscoveryClient - Single vip registry refresh property : null
11:17:28.197 INFO  [main] com.netflix.discovery.DiscoveryClient - Force full registry fetch : false
11:17:28.197 INFO  [main] com.netflix.discovery.DiscoveryClient - Application is null : false
11:17:28.197 INFO  [main] com.netflix.discovery.DiscoveryClient - Registered Applications size is zero : true
11:17:28.197 INFO  [main] com.netflix.discovery.DiscoveryClient - Application version is -1: true
11:17:28.197 INFO  [main] com.netflix.discovery.DiscoveryClient - Getting all instance registry info from the eureka server
11:17:28.290 INFO  [main] com.netflix.discovery.DiscoveryClient - The response status is 200
11:17:28.292 INFO  [main] com.netflix.discovery.DiscoveryClient - Starting heartbeat executor: renew interval is: 30
11:17:28.293 INFO  [main] com.netflix.discovery.InstanceInfoReplicator - InstanceInfoReplicator onDemand update allowed rate per min is 4
11:17:28.296 INFO  [main] com.netflix.discovery.DiscoveryClient - Discovery Client initialized at timestamp 1636687048295 with initial instances count: 1
11:17:28.299 INFO  [main] o.s.c.n.e.serviceregistry.EurekaServiceRegistry - Registering application sc-user-service with eureka with status UP
11:17:28.299 INFO  [main] com.netflix.discovery.DiscoveryClient - Saw local status change event StatusChangeEvent [timestamp=1636687048299, current=UP, previous=STARTING]
11:17:28.300 INFO  [DiscoveryClient-InstanceInfoReplicator-0] com.netflix.discovery.DiscoveryClient - DiscoveryClient_SC-USER-SERVICE/localhost:sc-user-service:9091: registering service...
11:17:28.312 INFO  [main] org.apache.coyote.http11.Http11NioProtocol - Starting ProtocolHandler ["http-nio-9091"]
11:17:28.319 INFO  [main] org.apache.tomcat.util.net.NioSelectorPool - Using a shared selector for servlet write/read
11:17:28.325 INFO  [DiscoveryClient-InstanceInfoReplicator-0] com.netflix.discovery.DiscoveryClient - DiscoveryClient_SC-USER-SERVICE/localhost:sc-user-service:9091 - registration status: 204
11:17:28.332 INFO  [main] o.s.boot.web.embedded.tomcat.TomcatWebServer - Tomcat started on port(s): 9091 (http) with context path ''
11:17:28.333 INFO  [main] o.s.c.n.e.s.EurekaAutoServiceRegistration - Updating port to 9091
11:17:28.334 INFO  [main] cn.springcloud.book.user.UserServiceApplication - Started UserServiceApplication in 10.393 seconds (JVM running for 11.229)
11:17:28.790 INFO  [RMI TCP Connection(2)-10.133.96.202] o.a.c.core.ContainerBase.[Tomcat].[localhost].[/] - Initializing Spring FrameworkServlet 'dispatcherServlet'
11:17:28.790 INFO  [RMI TCP Connection(2)-10.133.96.202] org.springframework.web.servlet.DispatcherServlet - FrameworkServlet 'dispatcherServlet': initialization started
11:17:28.793 INFO  [RMI TCP Connection(1)-10.133.96.202] o.s.c.c.client.ConfigServicePropertySourceLocator - Fetching config from server at : http://localhost:9090
11:17:28.802 INFO  [RMI TCP Connection(2)-10.133.96.202] org.springframework.web.servlet.DispatcherServlet - FrameworkServlet 'dispatcherServlet': initialization completed in 12 ms
11:17:30.848 INFO  [RMI TCP Connection(1)-10.133.96.202] o.s.c.c.client.ConfigServicePropertySourceLocator - Connect Timeout Exception on Url - http://localhost:9090. Will be trying the next url if available
11:17:30.848 WARN  [RMI TCP Connection(1)-10.133.96.202] o.s.c.c.client.ConfigServicePropertySourceLocator - Could not locate PropertySource: I/O error on GET request for "http://localhost:9090/config-info/dev/master": Connection refused: connect; nested exception is java.net.ConnectException: Connection refused: connect
11:17:49.618 ERROR [http-nio-9091-exec-1] c.s.book.common.intercepter.UserContextInterceptor - the user is null, please access from gateway or check user info
11:18:07.404 ERROR [http-nio-9091-exec-2] c.s.book.common.intercepter.UserContextInterceptor - the user is null, please access from gateway or check user info
11:18:39.738 INFO  [http-nio-7777-exec-1] o.s.cloud.netflix.zuul.web.ZuulHandlerMapping - Mapped URL path [/sc-data-service/**] onto handler of type [class org.springframework.cloud.netflix.zuul.web.ZuulController]
11:18:39.738 INFO  [http-nio-7777-exec-1] o.s.cloud.netflix.zuul.web.ZuulHandlerMapping - Mapped URL path [/sc-user-service/**] onto handler of type [class org.springframework.cloud.netflix.zuul.web.ZuulController]
11:20:12.000 INFO  [http-nio-7777-exec-10] o.s.c.a.AnnotationConfigApplicationContext - Refreshing SpringClientFactory-sc-user-service: startup date [Fri Nov 12 11:20:12 CST 2021]; parent: org.springframework.boot.web.servlet.context.AnnotationConfigServletWebServerApplicationContext@336f1079
11:20:12.037 INFO  [http-nio-7777-exec-10] o.s.b.f.a.AutowiredAnnotationBeanPostProcessor - JSR-330 'javax.inject.Inject' annotation found and supported for autowiring
11:20:12.174 INFO  [http-nio-7777-exec-10] com.netflix.config.ChainedDynamicProperty - Flipping property: sc-user-service.ribbon.ActiveConnectionsLimit to use NEXT property: niws.loadbalancer.availabilityFilteringRule.activeConnectionsLimit = 2147483647
11:20:12.186 INFO  [http-nio-7777-exec-10] com.netflix.util.concurrent.ShutdownEnabledTimer - Shutdown hook installed for: NFLoadBalancer-PingTimer-sc-user-service
11:20:12.201 INFO  [http-nio-7777-exec-10] com.netflix.loadbalancer.BaseLoadBalancer - Client: sc-user-service instantiated a LoadBalancer: DynamicServerListLoadBalancer:{NFLoadBalancer:name=sc-user-service,current list of Servers=[],Load balancer stats=Zone stats: {},Server stats: []}ServerList:null
11:20:12.204 INFO  [http-nio-7777-exec-10] c.n.loadbalancer.DynamicServerListLoadBalancer - Using serverListUpdater PollingServerListUpdater
11:20:12.219 INFO  [http-nio-7777-exec-10] com.netflix.config.ChainedDynamicProperty - Flipping property: sc-user-service.ribbon.ActiveConnectionsLimit to use NEXT property: niws.loadbalancer.availabilityFilteringRule.activeConnectionsLimit = 2147483647
11:20:12.220 INFO  [http-nio-7777-exec-10] c.n.loadbalancer.DynamicServerListLoadBalancer - DynamicServerListLoadBalancer for client sc-user-service initialized: DynamicServerListLoadBalancer:{NFLoadBalancer:name=sc-user-service,current list of Servers=[192.168.92.1:9091],Load balancer stats=Zone stats: {defaultzone=[Zone:defaultzone;	Instance count:1;	Active connections count: 0;	Circuit breaker tripped count: 0;	Active connections per server: 0.0;]
},Server stats: [[Server:192.168.92.1:9091;	Zone:defaultZone;	Total Requests:0;	Successive connection failure:0;	Total blackout seconds:0;	Last connection made:Thu Jan 01 08:00:00 CST 1970;	First connection made: Thu Jan 01 08:00:00 CST 1970;	Active Connections:0;	total failure count in last (1000) msecs:0;	average resp time:0.0;	90 percentile resp time:0.0;	95 percentile resp time:0.0;	min resp time:0.0;	max resp time:0.0;	stddev resp time:0.0]
]}ServerList:org.springframework.cloud.netflix.ribbon.eureka.DomainExtractingServerList@16b38355
11:20:13.207 INFO  [PollingServerListUpdater-0] com.netflix.config.ChainedDynamicProperty - Flipping property: sc-user-service.ribbon.ActiveConnectionsLimit to use NEXT property: niws.loadbalancer.availabilityFilteringRule.activeConnectionsLimit = 2147483647
11:20:51.258 INFO  [hystrix-sc-data-service-1] o.s.c.a.AnnotationConfigApplicationContext - Refreshing SpringClientFactory-sc-data-service: startup date [Fri Nov 12 11:20:51 CST 2021]; parent: org.springframework.boot.web.servlet.context.AnnotationConfigServletWebServerApplicationContext@5dcd8c7a
11:20:51.295 INFO  [hystrix-sc-data-service-1] o.s.b.f.a.AutowiredAnnotationBeanPostProcessor - JSR-330 'javax.inject.Inject' annotation found and supported for autowiring
11:20:51.426 INFO  [hystrix-sc-data-service-1] com.netflix.config.ChainedDynamicProperty - Flipping property: sc-data-service.ribbon.ActiveConnectionsLimit to use NEXT property: niws.loadbalancer.availabilityFilteringRule.activeConnectionsLimit = 2147483647
11:20:51.438 INFO  [hystrix-sc-data-service-1] com.netflix.util.concurrent.ShutdownEnabledTimer - Shutdown hook installed for: NFLoadBalancer-PingTimer-sc-data-service
11:20:51.455 INFO  [hystrix-sc-data-service-1] com.netflix.loadbalancer.BaseLoadBalancer - Client: sc-data-service instantiated a LoadBalancer: DynamicServerListLoadBalancer:{NFLoadBalancer:name=sc-data-service,current list of Servers=[],Load balancer stats=Zone stats: {},Server stats: []}ServerList:null
11:20:51.459 INFO  [hystrix-sc-data-service-1] c.n.loadbalancer.DynamicServerListLoadBalancer - Using serverListUpdater PollingServerListUpdater
11:20:51.474 INFO  [hystrix-sc-data-service-1] com.netflix.config.ChainedDynamicProperty - Flipping property: sc-data-service.ribbon.ActiveConnectionsLimit to use NEXT property: niws.loadbalancer.availabilityFilteringRule.activeConnectionsLimit = 2147483647
11:20:51.475 INFO  [hystrix-sc-data-service-1] c.n.loadbalancer.DynamicServerListLoadBalancer - DynamicServerListLoadBalancer for client sc-data-service initialized: DynamicServerListLoadBalancer:{NFLoadBalancer:name=sc-data-service,current list of Servers=[192.168.92.1:8099],Load balancer stats=Zone stats: {defaultzone=[Zone:defaultzone;	Instance count:1;	Active connections count: 0;	Circuit breaker tripped count: 0;	Active connections per server: 0.0;]
},Server stats: [[Server:192.168.92.1:8099;	Zone:defaultZone;	Total Requests:0;	Successive connection failure:0;	Total blackout seconds:0;	Last connection made:Thu Jan 01 08:00:00 CST 1970;	First connection made: Thu Jan 01 08:00:00 CST 1970;	Active Connections:0;	total failure count in last (1000) msecs:0;	average resp time:0.0;	90 percentile resp time:0.0;	95 percentile resp time:0.0;	min resp time:0.0;	max resp time:0.0;	stddev resp time:0.0]
]}ServerList:org.springframework.cloud.netflix.ribbon.eureka.DomainExtractingServerList@3bb82cb
11:20:52.474 INFO  [PollingServerListUpdater-0] com.netflix.config.ChainedDynamicProperty - Flipping property: sc-data-service.ribbon.ActiveConnectionsLimit to use NEXT property: niws.loadbalancer.availabilityFilteringRule.activeConnectionsLimit = 2147483647
11:21:48.017 INFO  [AsyncResolver-bootstrap-executor-0] c.n.d.shared.resolver.aws.ConfigClusterResolver - Resolving eureka endpoints via configuration
11:22:18.847 INFO  [AsyncResolver-bootstrap-executor-0] c.n.d.shared.resolver.aws.ConfigClusterResolver - Resolving eureka endpoints via configuration
11:22:28.201 INFO  [AsyncResolver-bootstrap-executor-0] c.n.d.shared.resolver.aws.ConfigClusterResolver - Resolving eureka endpoints via configuration
11:22:32.400 INFO  [Thread-40] com.netflix.loadbalancer.PollingServerListUpdater - Shutting down the Executor Pool for PollingServerListUpdater
11:22:32.400 INFO  [Thread-28] o.s.b.w.s.c.AnnotationConfigServletWebServerApplicationContext - Closing org.springframework.boot.web.servlet.context.AnnotationConfigServletWebServerApplicationContext@5dcd8c7a: startup date [Fri Nov 12 11:17:22 CST 2021]; parent: org.springframework.context.annotation.AnnotationConfigApplicationContext@759d26fb
11:22:32.400 INFO  [Thread-28] o.s.c.n.e.serviceregistry.EurekaServiceRegistry - Unregistering application sc-user-service with eureka with status DOWN
11:22:32.400 WARN  [Thread-28] com.netflix.discovery.DiscoveryClient - Saw local status change event StatusChangeEvent [timestamp=1636687352400, current=DOWN, previous=UP]
11:22:32.401 INFO  [DiscoveryClient-InstanceInfoReplicator-0] com.netflix.discovery.DiscoveryClient - DiscoveryClient_SC-USER-SERVICE/localhost:sc-user-service:9091: registering service...
11:22:32.402 INFO  [Thread-28] o.s.context.support.DefaultLifecycleProcessor - Stopping beans in phase 0
11:22:32.403 INFO  [Thread-28] o.s.jmx.export.annotation.AnnotationMBeanExporter - Unregistering JMX-exposed beans on shutdown
11:22:32.410 INFO  [Thread-28] o.s.jmx.export.annotation.AnnotationMBeanExporter - Unregistering JMX-exposed beans
11:22:32.422 INFO  [DiscoveryClient-InstanceInfoReplicator-0] com.netflix.discovery.DiscoveryClient - DiscoveryClient_SC-USER-SERVICE/localhost:sc-user-service:9091 - registration status: 204
11:22:32.434 INFO  [Thread-28] o.s.c.a.AnnotationConfigApplicationContext - Closing SpringClientFactory-sc-data-service: startup date [Fri Nov 12 11:20:51 CST 2021]; parent: org.springframework.boot.web.servlet.context.AnnotationConfigServletWebServerApplicationContext@5dcd8c7a
11:22:32.435 INFO  [Thread-28] com.netflix.util.concurrent.ShutdownEnabledTimer - Shutdown hook removed for: NFLoadBalancer-PingTimer-sc-data-service
11:22:32.442 INFO  [Thread-28] com.netflix.util.concurrent.ShutdownEnabledTimer - Exception caught (might be ok if at shutdown)
java.lang.IllegalStateException: Shutdown in progress
	at java.lang.ApplicationShutdownHooks.remove(ApplicationShutdownHooks.java:82)
	at java.lang.Runtime.removeShutdownHook(Runtime.java:239)
	at com.netflix.util.concurrent.ShutdownEnabledTimer.cancel(ShutdownEnabledTimer.java:70)
	at com.netflix.loadbalancer.BaseLoadBalancer.cancelPingTask(BaseLoadBalancer.java:613)
	at com.netflix.loadbalancer.BaseLoadBalancer.shutdown(BaseLoadBalancer.java:864)
	at com.netflix.loadbalancer.DynamicServerListLoadBalancer.shutdown(DynamicServerListLoadBalancer.java:285)
	at sun.reflect.NativeMethodAccessorImpl.invoke0(Native Method)
	at sun.reflect.NativeMethodAccessorImpl.invoke(NativeMethodAccessorImpl.java:62)
	at sun.reflect.DelegatingMethodAccessorImpl.invoke(DelegatingMethodAccessorImpl.java:43)
	at java.lang.reflect.Method.invoke(Method.java:498)
	at org.springframework.beans.factory.support.DisposableBeanAdapter.invokeCustomDestroyMethod(DisposableBeanAdapter.java:337)
	at org.springframework.beans.factory.support.DisposableBeanAdapter.destroy(DisposableBeanAdapter.java:271)
	at org.springframework.beans.factory.support.DefaultSingletonBeanRegistry.destroyBean(DefaultSingletonBeanRegistry.java:571)
	at org.springframework.beans.factory.support.DefaultSingletonBeanRegistry.destroySingleton(DefaultSingletonBeanRegistry.java:543)
	at org.springframework.beans.factory.support.DefaultListableBeanFactory.destroySingleton(DefaultListableBeanFactory.java:957)
	at org.springframework.beans.factory.support.DefaultSingletonBeanRegistry.destroySingletons(DefaultSingletonBeanRegistry.java:504)
	at org.springframework.beans.factory.support.DefaultListableBeanFactory.destroySingletons(DefaultListableBeanFactory.java:964)
	at org.springframework.context.support.AbstractApplicationContext.destroyBeans(AbstractApplicationContext.java:1041)
	at org.springframework.context.support.AbstractApplicationContext.doClose(AbstractApplicationContext.java:1017)
	at org.springframework.context.support.AbstractApplicationContext.close(AbstractApplicationContext.java:967)
	at org.springframework.cloud.context.named.NamedContextFactory.destroy(NamedContextFactory.java:76)
	at org.springframework.beans.factory.support.DisposableBeanAdapter.destroy(DisposableBeanAdapter.java:256)
	at org.springframework.beans.factory.support.DefaultSingletonBeanRegistry.destroyBean(DefaultSingletonBeanRegistry.java:571)
	at org.springframework.beans.factory.support.DefaultSingletonBeanRegistry.destroySingleton(DefaultSingletonBeanRegistry.java:543)
	at org.springframework.beans.factory.support.DefaultListableBeanFactory.destroySingleton(DefaultListableBeanFactory.java:957)
	at org.springframework.beans.factory.support.DefaultSingletonBeanRegistry.destroySingletons(DefaultSingletonBeanRegistry.java:504)
	at org.springframework.beans.factory.support.DefaultListableBeanFactory.destroySingletons(DefaultListableBeanFactory.java:964)
	at org.springframework.context.support.AbstractApplicationContext.destroyBeans(AbstractApplicationContext.java:1041)
	at org.springframework.context.support.AbstractApplicationContext.doClose(AbstractApplicationContext.java:1017)
	at org.springframework.context.support.AbstractApplicationContext$1.run(AbstractApplicationContext.java:937)
11:22:32.444 INFO  [Thread-28] o.s.c.a.AnnotationConfigApplicationContext - Closing FeignContext-sc-data-service: startup date [Fri Nov 12 11:17:26 CST 2021]; parent: org.springframework.boot.web.servlet.context.AnnotationConfigServletWebServerApplicationContext@5dcd8c7a
11:22:32.445 INFO  [Thread-28] com.netflix.discovery.DiscoveryClient - Shutting down DiscoveryClient ...
11:26:07.030 INFO  [Thread-29] o.s.b.w.s.c.AnnotationConfigServletWebServerApplicationContext - Closing org.springframework.boot.web.servlet.context.AnnotationConfigServletWebServerApplicationContext@53fd0d10: startup date [Fri Nov 12 11:17:12 CST 2021]; parent: org.springframework.context.annotation.AnnotationConfigApplicationContext@696da30b
11:26:07.031 INFO  [Thread-29] o.s.c.n.e.serviceregistry.EurekaServiceRegistry - Unregistering application sc-data-service with eureka with status DOWN
11:26:07.031 WARN  [Thread-29] com.netflix.discovery.DiscoveryClient - Saw local status change event StatusChangeEvent [timestamp=1636687567031, current=DOWN, previous=UP]
11:26:07.031 INFO  [DiscoveryClient-InstanceInfoReplicator-0] com.netflix.discovery.DiscoveryClient - DiscoveryClient_SC-DATA-SERVICE/localhost:sc-data-service:8099: registering service...
11:26:07.032 INFO  [Thread-29] o.s.context.support.DefaultLifecycleProcessor - Stopping beans in phase 0
11:26:07.034 INFO  [Thread-29] o.s.jmx.export.annotation.AnnotationMBeanExporter - Unregistering JMX-exposed beans on shutdown
11:26:07.034 INFO  [Thread-29] o.s.jmx.export.annotation.AnnotationMBeanExporter - Unregistering JMX-exposed beans
11:26:07.040 INFO  [Thread-29] com.netflix.discovery.DiscoveryClient - Shutting down DiscoveryClient ...
11:26:07.051 INFO  [DiscoveryClient-InstanceInfoReplicator-0] com.netflix.discovery.DiscoveryClient - DiscoveryClient_SC-DATA-SERVICE/localhost:sc-data-service:8099 - registration status: 204
11:26:07.052 INFO  [Thread-29] com.netflix.discovery.DiscoveryClient - Unregistering ...
11:26:07.067 INFO  [Thread-29] com.netflix.discovery.DiscoveryClient - DiscoveryClient_SC-DATA-SERVICE/localhost:sc-data-service:8099 - deregister  status: 200
11:26:07.072 INFO  [Thread-29] com.netflix.discovery.DiscoveryClient - Completed shut down of DiscoveryClient
11:26:08.930 INFO  [Thread-37] com.netflix.loadbalancer.PollingServerListUpdater - Shutting down the Executor Pool for PollingServerListUpdater
11:26:08.931 INFO  [Thread-25] o.s.b.w.s.c.AnnotationConfigServletWebServerApplicationContext - Closing org.springframework.boot.web.servlet.context.AnnotationConfigServletWebServerApplicationContext@336f1079: startup date [Fri Nov 12 11:16:42 CST 2021]; parent: org.springframework.context.annotation.AnnotationConfigApplicationContext@2892dae4
11:26:08.932 INFO  [Thread-25] o.s.c.n.e.serviceregistry.EurekaServiceRegistry - Unregistering application sc-zuul-server with eureka with status DOWN
11:26:08.932 WARN  [Thread-25] com.netflix.discovery.DiscoveryClient - Saw local status change event StatusChangeEvent [timestamp=1636687568932, current=DOWN, previous=UP]
11:26:08.932 INFO  [DiscoveryClient-InstanceInfoReplicator-0] com.netflix.discovery.DiscoveryClient - DiscoveryClient_SC-ZUUL-SERVER/localhost:sc-zuul-server:7777: registering service...
11:26:08.934 INFO  [Thread-25] o.s.context.support.DefaultLifecycleProcessor - Stopping beans in phase 0
11:26:08.934 INFO  [Thread-25] o.s.cloud.netflix.zuul.ZuulFilterInitializer - Stopping filter initializer
11:26:08.935 INFO  [Thread-25] o.s.c.a.AnnotationConfigApplicationContext - Closing SpringClientFactory-sc-user-service: startup date [Fri Nov 12 11:20:12 CST 2021]; parent: org.springframework.boot.web.servlet.context.AnnotationConfigServletWebServerApplicationContext@336f1079
11:26:08.936 INFO  [Thread-25] com.netflix.util.concurrent.ShutdownEnabledTimer - Shutdown hook removed for: NFLoadBalancer-PingTimer-sc-user-service
11:26:08.954 INFO  [Thread-25] com.netflix.util.concurrent.ShutdownEnabledTimer - Exception caught (might be ok if at shutdown)
java.lang.IllegalStateException: Shutdown in progress
	at java.lang.ApplicationShutdownHooks.remove(ApplicationShutdownHooks.java:82)
	at java.lang.Runtime.removeShutdownHook(Runtime.java:239)
	at com.netflix.util.concurrent.ShutdownEnabledTimer.cancel(ShutdownEnabledTimer.java:70)
	at com.netflix.loadbalancer.BaseLoadBalancer.cancelPingTask(BaseLoadBalancer.java:613)
	at com.netflix.loadbalancer.BaseLoadBalancer.shutdown(BaseLoadBalancer.java:864)
	at com.netflix.loadbalancer.DynamicServerListLoadBalancer.shutdown(DynamicServerListLoadBalancer.java:285)
	at sun.reflect.NativeMethodAccessorImpl.invoke0(Native Method)
	at sun.reflect.NativeMethodAccessorImpl.invoke(NativeMethodAccessorImpl.java:62)
	at sun.reflect.DelegatingMethodAccessorImpl.invoke(DelegatingMethodAccessorImpl.java:43)
	at java.lang.reflect.Method.invoke(Method.java:498)
	at org.springframework.beans.factory.support.DisposableBeanAdapter.invokeCustomDestroyMethod(DisposableBeanAdapter.java:337)
	at org.springframework.beans.factory.support.DisposableBeanAdapter.destroy(DisposableBeanAdapter.java:271)
	at org.springframework.beans.factory.support.DefaultSingletonBeanRegistry.destroyBean(DefaultSingletonBeanRegistry.java:571)
	at org.springframework.beans.factory.support.DefaultSingletonBeanRegistry.destroySingleton(DefaultSingletonBeanRegistry.java:543)
	at org.springframework.beans.factory.support.DefaultListableBeanFactory.destroySingleton(DefaultListableBeanFactory.java:957)
	at org.springframework.beans.factory.support.DefaultSingletonBeanRegistry.destroySingletons(DefaultSingletonBeanRegistry.java:504)
	at org.springframework.beans.factory.support.DefaultListableBeanFactory.destroySingletons(DefaultListableBeanFactory.java:964)
	at org.springframework.context.support.AbstractApplicationContext.destroyBeans(AbstractApplicationContext.java:1041)
	at org.springframework.context.support.AbstractApplicationContext.doClose(AbstractApplicationContext.java:1017)
	at org.springframework.context.support.AbstractApplicationContext.close(AbstractApplicationContext.java:967)
	at org.springframework.cloud.context.named.NamedContextFactory.destroy(NamedContextFactory.java:76)
	at org.springframework.beans.factory.support.DisposableBeanAdapter.destroy(DisposableBeanAdapter.java:256)
	at org.springframework.beans.factory.support.DefaultSingletonBeanRegistry.destroyBean(DefaultSingletonBeanRegistry.java:571)
	at org.springframework.beans.factory.support.DefaultSingletonBeanRegistry.destroySingleton(DefaultSingletonBeanRegistry.java:543)
	at org.springframework.beans.factory.support.DefaultListableBeanFactory.destroySingleton(DefaultListableBeanFactory.java:957)
	at org.springframework.beans.factory.support.DefaultSingletonBeanRegistry.destroySingletons(DefaultSingletonBeanRegistry.java:504)
	at org.springframework.beans.factory.support.DefaultListableBeanFactory.destroySingletons(DefaultListableBeanFactory.java:964)
	at org.springframework.context.support.AbstractApplicationContext.destroyBeans(AbstractApplicationContext.java:1041)
	at org.springframework.context.support.AbstractApplicationContext.doClose(AbstractApplicationContext.java:1017)
	at org.springframework.context.support.AbstractApplicationContext$1.run(AbstractApplicationContext.java:937)
11:26:08.954 ERROR [DiscoveryClient-InstanceInfoReplicator-0] c.n.d.s.t.decorator.RedirectingEurekaHttpClient - Request execution error
com.sun.jersey.api.client.ClientHandlerException: org.apache.http.NoHttpResponseException: 127.0.0.1:8761 failed to respond
	at com.sun.jersey.client.apache4.ApacheHttpClient4Handler.handle(ApacheHttpClient4Handler.java:187)
	at com.sun.jersey.api.client.filter.GZIPContentEncodingFilter.handle(GZIPContentEncodingFilter.java:123)
	at com.netflix.discovery.EurekaIdentityHeaderFilter.handle(EurekaIdentityHeaderFilter.java:27)
	at com.sun.jersey.api.client.Client.handle(Client.java:652)
	at com.sun.jersey.api.client.WebResource.handle(WebResource.java:682)
	at com.sun.jersey.api.client.WebResource.access$200(WebResource.java:74)
	at com.sun.jersey.api.client.WebResource$Builder.post(WebResource.java:570)
	at com.netflix.discovery.shared.transport.jersey.AbstractJerseyEurekaHttpClient.register(AbstractJerseyEurekaHttpClient.java:56)
	at com.netflix.discovery.shared.transport.decorator.EurekaHttpClientDecorator$1.execute(EurekaHttpClientDecorator.java:59)
	at com.netflix.discovery.shared.transport.decorator.MetricsCollectingEurekaHttpClient.execute(MetricsCollectingEurekaHttpClient.java:73)
	at com.netflix.discovery.shared.transport.decorator.EurekaHttpClientDecorator.register(EurekaHttpClientDecorator.java:56)
	at com.netflix.discovery.shared.transport.decorator.EurekaHttpClientDecorator$1.execute(EurekaHttpClientDecorator.java:59)
	at com.netflix.discovery.shared.transport.decorator.RedirectingEurekaHttpClient.execute(RedirectingEurekaHttpClient.java:89)
	at com.netflix.discovery.shared.transport.decorator.EurekaHttpClientDecorator.register(EurekaHttpClientDecorator.java:56)
	at com.netflix.discovery.shared.transport.decorator.EurekaHttpClientDecorator$1.execute(EurekaHttpClientDecorator.java:59)
	at com.netflix.discovery.shared.transport.decorator.RetryableEurekaHttpClient.execute(RetryableEurekaHttpClient.java:120)
	at com.netflix.discovery.shared.transport.decorator.EurekaHttpClientDecorator.register(EurekaHttpClientDecorator.java:56)
	at com.netflix.discovery.shared.transport.decorator.EurekaHttpClientDecorator$1.execute(EurekaHttpClientDecorator.java:59)
	at com.netflix.discovery.shared.transport.decorator.SessionedEurekaHttpClient.execute(SessionedEurekaHttpClient.java:77)
	at com.netflix.discovery.shared.transport.decorator.EurekaHttpClientDecorator.register(EurekaHttpClientDecorator.java:56)
	at com.netflix.discovery.DiscoveryClient.register(DiscoveryClient.java:829)
	at com.netflix.discovery.InstanceInfoReplicator.run(InstanceInfoReplicator.java:121)
	at com.netflix.discovery.InstanceInfoReplicator$1.run(InstanceInfoReplicator.java:101)
	at java.util.concurrent.Executors$RunnableAdapter.call(Executors.java:511)
	at java.util.concurrent.FutureTask.run(FutureTask.java:266)
	at java.util.concurrent.ScheduledThreadPoolExecutor$ScheduledFutureTask.access$201(ScheduledThreadPoolExecutor.java:180)
	at java.util.concurrent.ScheduledThreadPoolExecutor$ScheduledFutureTask.run(ScheduledThreadPoolExecutor.java:293)
	at java.util.concurrent.ThreadPoolExecutor.runWorker(ThreadPoolExecutor.java:1149)
	at java.util.concurrent.ThreadPoolExecutor$Worker.run(ThreadPoolExecutor.java:624)
	at java.lang.Thread.run(Thread.java:748)
Caused by: org.apache.http.NoHttpResponseException: 127.0.0.1:8761 failed to respond
	at org.apache.http.impl.conn.DefaultHttpResponseParser.parseHead(DefaultHttpResponseParser.java:141)
	at org.apache.http.impl.conn.DefaultHttpResponseParser.parseHead(DefaultHttpResponseParser.java:56)
	at org.apache.http.impl.io.AbstractMessageParser.parse(AbstractMessageParser.java:259)
	at org.apache.http.impl.AbstractHttpClientConnection.receiveResponseHeader(AbstractHttpClientConnection.java:286)
	at org.apache.http.impl.conn.DefaultClientConnection.receiveResponseHeader(DefaultClientConnection.java:257)
	at org.apache.http.impl.conn.AbstractClientConnAdapter.receiveResponseHeader(AbstractClientConnAdapter.java:230)
	at org.apache.http.protocol.HttpRequestExecutor.doReceiveResponse(HttpRequestExecutor.java:273)
	at org.apache.http.protocol.HttpRequestExecutor.execute(HttpRequestExecutor.java:125)
	at org.apache.http.impl.client.DefaultRequestDirector.tryExecute(DefaultRequestDirector.java:684)
	at org.apache.http.impl.client.DefaultRequestDirector.execute(DefaultRequestDirector.java:486)
	at org.apache.http.impl.client.AbstractHttpClient.doExecute(AbstractHttpClient.java:835)
	at org.apache.http.impl.client.CloseableHttpClient.execute(CloseableHttpClient.java:118)
	at org.apache.http.impl.client.CloseableHttpClient.execute(CloseableHttpClient.java:56)
	at com.sun.jersey.client.apache4.ApacheHttpClient4Handler.handle(ApacheHttpClient4Handler.java:173)
	... 29 common frames omitted
11:26:08.955 WARN  [DiscoveryClient-InstanceInfoReplicator-0] c.n.d.s.t.decorator.RetryableEurekaHttpClient - Request execution failed with message: org.apache.http.NoHttpResponseException: 127.0.0.1:8761 failed to respond
11:26:08.958 INFO  [Thread-25] o.s.jmx.export.annotation.AnnotationMBeanExporter - Unregistering JMX-exposed beans on shutdown
11:26:08.958 INFO  [Thread-25] o.s.jmx.export.annotation.AnnotationMBeanExporter - Unregistering JMX-exposed beans
11:26:08.959 INFO  [DiscoveryClient-InstanceInfoReplicator-0] org.apache.http.impl.client.DefaultHttpClient - I/O exception (java.net.SocketException) caught when processing request to {}->http://127.0.0.1:8761: Software caused connection abort: socket write error
11:26:08.959 INFO  [DiscoveryClient-InstanceInfoReplicator-0] org.apache.http.impl.client.DefaultHttpClient - Retrying request to {}->http://127.0.0.1:8761
11:26:08.960 ERROR [DiscoveryClient-InstanceInfoReplicator-0] c.n.d.s.t.decorator.RedirectingEurekaHttpClient - Request execution error
com.sun.jersey.api.client.ClientHandlerException: org.apache.http.client.ClientProtocolException
	at com.sun.jersey.client.apache4.ApacheHttpClient4Handler.handle(ApacheHttpClient4Handler.java:187)
	at com.sun.jersey.api.client.filter.GZIPContentEncodingFilter.handle(GZIPContentEncodingFilter.java:123)
	at com.netflix.discovery.EurekaIdentityHeaderFilter.handle(EurekaIdentityHeaderFilter.java:27)
	at com.sun.jersey.api.client.Client.handle(Client.java:652)
	at com.sun.jersey.api.client.WebResource.handle(WebResource.java:682)
	at com.sun.jersey.api.client.WebResource.access$200(WebResource.java:74)
	at com.sun.jersey.api.client.WebResource$Builder.post(WebResource.java:570)
	at com.netflix.discovery.shared.transport.jersey.AbstractJerseyEurekaHttpClient.register(AbstractJerseyEurekaHttpClient.java:56)
	at com.netflix.discovery.shared.transport.decorator.EurekaHttpClientDecorator$1.execute(EurekaHttpClientDecorator.java:59)
	at com.netflix.discovery.shared.transport.decorator.MetricsCollectingEurekaHttpClient.execute(MetricsCollectingEurekaHttpClient.java:73)
	at com.netflix.discovery.shared.transport.decorator.EurekaHttpClientDecorator.register(EurekaHttpClientDecorator.java:56)
	at com.netflix.discovery.shared.transport.decorator.EurekaHttpClientDecorator$1.execute(EurekaHttpClientDecorator.java:59)
	at com.netflix.discovery.shared.transport.decorator.RedirectingEurekaHttpClient.executeOnNewServer(RedirectingEurekaHttpClient.java:118)
	at com.netflix.discovery.shared.transport.decorator.RedirectingEurekaHttpClient.execute(RedirectingEurekaHttpClient.java:79)
	at com.netflix.discovery.shared.transport.decorator.EurekaHttpClientDecorator.register(EurekaHttpClientDecorator.java:56)
	at com.netflix.discovery.shared.transport.decorator.EurekaHttpClientDecorator$1.execute(EurekaHttpClientDecorator.java:59)
	at com.netflix.discovery.shared.transport.decorator.RetryableEurekaHttpClient.execute(RetryableEurekaHttpClient.java:120)
	at com.netflix.discovery.shared.transport.decorator.EurekaHttpClientDecorator.register(EurekaHttpClientDecorator.java:56)
	at com.netflix.discovery.shared.transport.decorator.EurekaHttpClientDecorator$1.execute(EurekaHttpClientDecorator.java:59)
	at com.netflix.discovery.shared.transport.decorator.SessionedEurekaHttpClient.execute(SessionedEurekaHttpClient.java:77)
	at com.netflix.discovery.shared.transport.decorator.EurekaHttpClientDecorator.register(EurekaHttpClientDecorator.java:56)
	at com.netflix.discovery.DiscoveryClient.register(DiscoveryClient.java:829)
	at com.netflix.discovery.InstanceInfoReplicator.run(InstanceInfoReplicator.java:121)
	at com.netflix.discovery.InstanceInfoReplicator$1.run(InstanceInfoReplicator.java:101)
	at java.util.concurrent.Executors$RunnableAdapter.call(Executors.java:511)
	at java.util.concurrent.FutureTask.run(FutureTask.java:266)
	at java.util.concurrent.ScheduledThreadPoolExecutor$ScheduledFutureTask.access$201(ScheduledThreadPoolExecutor.java:180)
	at java.util.concurrent.ScheduledThreadPoolExecutor$ScheduledFutureTask.run(ScheduledThreadPoolExecutor.java:293)
	at java.util.concurrent.ThreadPoolExecutor.runWorker(ThreadPoolExecutor.java:1149)
	at java.util.concurrent.ThreadPoolExecutor$Worker.run(ThreadPoolExecutor.java:624)
	at java.lang.Thread.run(Thread.java:748)
Caused by: org.apache.http.client.ClientProtocolException: null
	at org.apache.http.impl.client.AbstractHttpClient.doExecute(AbstractHttpClient.java:839)
	at org.apache.http.impl.client.CloseableHttpClient.execute(CloseableHttpClient.java:118)
	at org.apache.http.impl.client.CloseableHttpClient.execute(CloseableHttpClient.java:56)
	at com.sun.jersey.client.apache4.ApacheHttpClient4Handler.handle(ApacheHttpClient4Handler.java:173)
	... 30 common frames omitted
Caused by: org.apache.http.client.NonRepeatableRequestException: Cannot retry request with a non-repeatable request entity.  The cause lists the reason the original request failed.
	at org.apache.http.impl.client.DefaultRequestDirector.tryExecute(DefaultRequestDirector.java:658)
	at org.apache.http.impl.client.DefaultRequestDirector.execute(DefaultRequestDirector.java:486)
	at org.apache.http.impl.client.AbstractHttpClient.doExecute(AbstractHttpClient.java:835)
	... 33 common frames omitted
Caused by: java.net.SocketException: Software caused connection abort: socket write error
	at java.net.SocketOutputStream.socketWrite0(Native Method)
	at java.net.SocketOutputStream.socketWrite(SocketOutputStream.java:111)
	at java.net.SocketOutputStream.write(SocketOutputStream.java:155)
	at org.apache.http.impl.io.AbstractSessionOutputBuffer.flushBuffer(AbstractSessionOutputBuffer.java:160)
	at org.apache.http.impl.io.AbstractSessionOutputBuffer.flush(AbstractSessionOutputBuffer.java:168)
	at org.apache.http.impl.io.ChunkedOutputStream.flush(ChunkedOutputStream.java:192)
	at com.fasterxml.jackson.core.json.UTF8JsonGenerator.flush(UTF8JsonGenerator.java:1100)
	at com.fasterxml.jackson.databind.ObjectMapper.writeValue(ObjectMapper.java:2657)
	at com.fasterxml.jackson.core.base.GeneratorBase.writeObject(GeneratorBase.java:381)
	at com.fasterxml.jackson.core.JsonGenerator.writeObjectField(JsonGenerator.java:1726)
	at com.netflix.discovery.converters.EurekaJacksonCodec$InstanceInfoSerializer.serialize(EurekaJacksonCodec.java:371)
	at com.netflix.discovery.converters.EurekaJacksonCodec$InstanceInfoSerializer.serialize(EurekaJacksonCodec.java:327)
	at com.fasterxml.jackson.databind.ser.DefaultSerializerProvider._serialize(DefaultSerializerProvider.java:468)
	at com.fasterxml.jackson.databind.ser.DefaultSerializerProvider.serializeValue(DefaultSerializerProvider.java:397)
	at com.fasterxml.jackson.databind.ObjectWriter$Prefetch.serialize(ObjectWriter.java:1392)
	at com.fasterxml.jackson.databind.ObjectWriter._configAndWriteValue(ObjectWriter.java:1120)
	at com.fasterxml.jackson.databind.ObjectWriter.writeValue(ObjectWriter.java:950)
	at com.netflix.discovery.converters.EurekaJacksonCodec.writeTo(EurekaJacksonCodec.java:221)
	at com.netflix.discovery.converters.wrappers.CodecWrappers$LegacyJacksonJson.encode(CodecWrappers.java:304)
	at com.netflix.discovery.provider.DiscoveryJerseyProvider.writeTo(DiscoveryJerseyProvider.java:135)
	at com.sun.jersey.api.client.RequestWriter$RequestEntityWriterImpl.writeRequestEntity(RequestWriter.java:231)
	at com.sun.jersey.client.apache4.ApacheHttpClient4Handler$2.writeTo(ApacheHttpClient4Handler.java:289)
	at org.apache.http.entity.HttpEntityWrapper.writeTo(HttpEntityWrapper.java:94)
	at org.apache.http.impl.client.EntityEnclosingRequestWrapper$EntityWrapper.writeTo(EntityEnclosingRequestWrapper.java:110)
	at org.apache.http.impl.entity.EntitySerializer.serialize(EntitySerializer.java:118)
	at org.apache.http.impl.AbstractHttpClientConnection.sendRequestEntity(AbstractHttpClientConnection.java:266)
	at org.apache.http.impl.conn.AbstractClientConnAdapter.sendRequestEntity(AbstractClientConnAdapter.java:239)
	at org.apache.http.protocol.HttpRequestExecutor.doSendRequest(HttpRequestExecutor.java:238)
	at org.apache.http.protocol.HttpRequestExecutor.execute(HttpRequestExecutor.java:123)
	at org.apache.http.impl.client.DefaultRequestDirector.tryExecute(DefaultRequestDirector.java:684)
	... 35 common frames omitted
	Suppressed: java.net.SocketException: Software caused connection abort: socket write error
		at java.net.SocketOutputStream.socketWrite0(Native Method)
		at java.net.SocketOutputStream.socketWrite(SocketOutputStream.java:111)
		at java.net.SocketOutputStream.write(SocketOutputStream.java:155)
		at org.apache.http.impl.io.AbstractSessionOutputBuffer.flushBuffer(AbstractSessionOutputBuffer.java:160)
		at org.apache.http.impl.io.AbstractSessionOutputBuffer.flush(AbstractSessionOutputBuffer.java:168)
		at org.apache.http.impl.io.ChunkedOutputStream.close(ChunkedOutputStream.java:203)
		at com.fasterxml.jackson.core.json.UTF8JsonGenerator.close(UTF8JsonGenerator.java:1138)
		at com.fasterxml.jackson.databind.util.ClassUtil.closeOnFailAndThrowAsIOE(ClassUtil.java:487)
		at com.fasterxml.jackson.databind.ObjectWriter._configAndWriteValue(ObjectWriter.java:1122)
		... 49 common frames omitted
11:26:08.960 WARN  [DiscoveryClient-InstanceInfoReplicator-0] c.n.d.s.t.decorator.RetryableEurekaHttpClient - Request execution failed with message: org.apache.http.client.ClientProtocolException
11:26:08.961 WARN  [DiscoveryClient-InstanceInfoReplicator-0] com.netflix.discovery.DiscoveryClient - DiscoveryClient_SC-ZUUL-SERVER/localhost:sc-zuul-server:7777 - registration failed Cannot execute request on any known server
com.netflix.discovery.shared.transport.TransportException: Cannot execute request on any known server
	at com.netflix.discovery.shared.transport.decorator.RetryableEurekaHttpClient.execute(RetryableEurekaHttpClient.java:112)
	at com.netflix.discovery.shared.transport.decorator.EurekaHttpClientDecorator.register(EurekaHttpClientDecorator.java:56)
	at com.netflix.discovery.shared.transport.decorator.EurekaHttpClientDecorator$1.execute(EurekaHttpClientDecorator.java:59)
	at com.netflix.discovery.shared.transport.decorator.SessionedEurekaHttpClient.execute(SessionedEurekaHttpClient.java:77)
	at com.netflix.discovery.shared.transport.decorator.EurekaHttpClientDecorator.register(EurekaHttpClientDecorator.java:56)
	at com.netflix.discovery.DiscoveryClient.register(DiscoveryClient.java:829)
	at com.netflix.discovery.InstanceInfoReplicator.run(InstanceInfoReplicator.java:121)
	at com.netflix.discovery.InstanceInfoReplicator$1.run(InstanceInfoReplicator.java:101)
	at java.util.concurrent.Executors$RunnableAdapter.call(Executors.java:511)
	at java.util.concurrent.FutureTask.run(FutureTask.java:266)
	at java.util.concurrent.ScheduledThreadPoolExecutor$ScheduledFutureTask.access$201(ScheduledThreadPoolExecutor.java:180)
	at java.util.concurrent.ScheduledThreadPoolExecutor$ScheduledFutureTask.run(ScheduledThreadPoolExecutor.java:293)
	at java.util.concurrent.ThreadPoolExecutor.runWorker(ThreadPoolExecutor.java:1149)
	at java.util.concurrent.ThreadPoolExecutor$Worker.run(ThreadPoolExecutor.java:624)
	at java.lang.Thread.run(Thread.java:748)
11:26:08.961 WARN  [DiscoveryClient-InstanceInfoReplicator-0] com.netflix.discovery.InstanceInfoReplicator - There was a problem with the instance info replicator
com.netflix.discovery.shared.transport.TransportException: Cannot execute request on any known server
	at com.netflix.discovery.shared.transport.decorator.RetryableEurekaHttpClient.execute(RetryableEurekaHttpClient.java:112)
	at com.netflix.discovery.shared.transport.decorator.EurekaHttpClientDecorator.register(EurekaHttpClientDecorator.java:56)
	at com.netflix.discovery.shared.transport.decorator.EurekaHttpClientDecorator$1.execute(EurekaHttpClientDecorator.java:59)
	at com.netflix.discovery.shared.transport.decorator.SessionedEurekaHttpClient.execute(SessionedEurekaHttpClient.java:77)
	at com.netflix.discovery.shared.transport.decorator.EurekaHttpClientDecorator.register(EurekaHttpClientDecorator.java:56)
	at com.netflix.discovery.DiscoveryClient.register(DiscoveryClient.java:829)
	at com.netflix.discovery.InstanceInfoReplicator.run(InstanceInfoReplicator.java:121)
	at com.netflix.discovery.InstanceInfoReplicator$1.run(InstanceInfoReplicator.java:101)
	at java.util.concurrent.Executors$RunnableAdapter.call(Executors.java:511)
	at java.util.concurrent.FutureTask.run(FutureTask.java:266)
	at java.util.concurrent.ScheduledThreadPoolExecutor$ScheduledFutureTask.access$201(ScheduledThreadPoolExecutor.java:180)
	at java.util.concurrent.ScheduledThreadPoolExecutor$ScheduledFutureTask.run(ScheduledThreadPoolExecutor.java:293)
	at java.util.concurrent.ThreadPoolExecutor.runWorker(ThreadPoolExecutor.java:1149)
	at java.util.concurrent.ThreadPoolExecutor$Worker.run(ThreadPoolExecutor.java:624)
	at java.lang.Thread.run(Thread.java:748)
11:26:08.963 INFO  [Thread-25] com.netflix.discovery.DiscoveryClient - Shutting down DiscoveryClient ...
